[3.764s] Invoking command in '/home/whitepost/ros2_ws/src/whitepost_robot': PYTHONPATH=/home/whitepost/ros2_ws/build/whitepost_robot/prefix_override:/usr/lib/python3/dist-packages/colcon_core/task/python/colcon_distutils_commands:/home/whitepost/ros2_ws/install/whitepost_robot/lib/python3.10/site-packages:${PYTHONPATH} /usr/bin/python3 -W ignore:setup.py install is deprecated -W ignore:easy_install command is deprecated setup.py egg_info --egg-base ../../build/whitepost_robot build --build-base /home/whitepost/ros2_ws/build/whitepost_robot/build install --record /home/whitepost/ros2_ws/build/whitepost_robot/install.log --single-version-externally-managed install_data
[5.789s] running egg_info
[5.792s] writing ../../build/whitepost_robot/whitepost_robot.egg-info/PKG-INFO
[5.793s] writing dependency_links to ../../build/whitepost_robot/whitepost_robot.egg-info/dependency_links.txt
[5.794s] writing entry points to ../../build/whitepost_robot/whitepost_robot.egg-info/entry_points.txt
[5.795s] writing requirements to ../../build/whitepost_robot/whitepost_robot.egg-info/requires.txt
[5.796s] writing top-level names to ../../build/whitepost_robot/whitepost_robot.egg-info/top_level.txt
[5.805s] reading manifest file '../../build/whitepost_robot/whitepost_robot.egg-info/SOURCES.txt'
[5.810s] writing manifest file '../../build/whitepost_robot/whitepost_robot.egg-info/SOURCES.txt'
[5.811s] running build
[5.811s] running build_py
[5.812s] copying whitepost_robot/esp32_drive_node.py -> /home/whitepost/ros2_ws/build/whitepost_robot/build/lib/whitepost_robot
[5.814s] running install
[5.816s] running install_lib
[5.819s] copying /home/whitepost/ros2_ws/build/whitepost_robot/build/lib/whitepost_robot/esp32_drive_node.py -> /home/whitepost/ros2_ws/install/whitepost_robot/lib/python3.10/site-packages/whitepost_robot
[5.823s] byte-compiling /home/whitepost/ros2_ws/install/whitepost_robot/lib/python3.10/site-packages/whitepost_robot/esp32_drive_node.py to esp32_drive_node.cpython-310.pyc
[5.827s] running install_data
[5.828s] running install_egg_info
[5.836s] removing '/home/whitepost/ros2_ws/install/whitepost_robot/lib/python3.10/site-packages/whitepost_robot-0.0.0-py3.10.egg-info' (and everything under it)
[5.838s] Copying ../../build/whitepost_robot/whitepost_robot.egg-info to /home/whitepost/ros2_ws/install/whitepost_robot/lib/python3.10/site-packages/whitepost_robot-0.0.0-py3.10.egg-info
[5.845s] running install_scripts
[5.933s] Installing esp32_drive_node script to /home/whitepost/ros2_ws/install/whitepost_robot/lib/whitepost_robot
[5.934s] Installing esp32_sensor_node script to /home/whitepost/ros2_ws/install/whitepost_robot/lib/whitepost_robot
[5.936s] writing list of installed files to '/home/whitepost/ros2_ws/build/whitepost_robot/install.log'
[6.059s] Invoked command in '/home/whitepost/ros2_ws/src/whitepost_robot' returned '0': PYTHONPATH=/home/whitepost/ros2_ws/build/whitepost_robot/prefix_override:/usr/lib/python3/dist-packages/colcon_core/task/python/colcon_distutils_commands:/home/whitepost/ros2_ws/install/whitepost_robot/lib/python3.10/site-packages:${PYTHONPATH} /usr/bin/python3 -W ignore:setup.py install is deprecated -W ignore:easy_install command is deprecated setup.py egg_info --egg-base ../../build/whitepost_robot build --build-base /home/whitepost/ros2_ws/build/whitepost_robot/build install --record /home/whitepost/ros2_ws/build/whitepost_robot/install.log --single-version-externally-managed install_data
