[0.483s] DEBUG:colcon:Command line arguments: ['/usr/bin/colcon', 'build']
[0.483s] DEBUG:colcon:Parsed command line arguments: Namespace(log_base=None, log_level=None, verb_name='build', build_base='build', install_base='install', merge_install=False, symlink_install=False, test_result_base=None, continue_on_error=False, executor='parallel', parallel_workers=4, event_handlers=None, ignore_user_meta=False, metas=['./colcon.meta'], base_paths=['.'], packages_ignore=None, packages_ignore_regex=None, paths=None, packages_up_to=None, packages_up_to_regex=None, packages_above=None, packages_above_and_dependencies=None, packages_above_depth=None, packages_select_by_dep=None, packages_skip_by_dep=None, packages_skip_up_to=None, packages_select_build_failed=False, packages_skip_build_finished=False, packages_select_test_failures=False, packages_skip_test_passed=False, packages_select=None, packages_skip=None, packages_select_regex=None, packages_skip_regex=None, packages_start=None, packages_end=None, allow_overriding=[], cmake_args=None, cmake_target=None, cmake_target_skip_unavailable=False, cmake_clean_cache=False, cmake_clean_first=False, cmake_force_configure=False, ament_cmake_args=None, catkin_cmake_args=None, catkin_skip_building_tests=False, verb_parser=<colcon_defaults.argument_parser.defaults.DefaultArgumentsDecorator object at 0xffff9eeba950>, verb_extension=<colcon_core.verb.build.BuildVerb object at 0xffff9efc3e20>, main=<bound method BuildVerb.main of <colcon_core.verb.build.BuildVerb object at 0xffff9efc3e20>>)
[1.909s] Level 1:colcon.colcon_core.package_discovery:discover_packages(colcon_meta) check parameters
[1.910s] Level 1:colcon.colcon_core.package_discovery:discover_packages(recursive) check parameters
[1.911s] Level 1:colcon.colcon_core.package_discovery:discover_packages(ignore) check parameters
[1.911s] Level 1:colcon.colcon_core.package_discovery:discover_packages(path) check parameters
[1.911s] Level 1:colcon.colcon_core.package_discovery:discover_packages(colcon_meta) discover
[1.912s] Level 1:colcon.colcon_core.package_discovery:discover_packages(recursive) discover
[1.912s] INFO:colcon.colcon_core.package_discovery:Crawling recursively for packages in '/home/whitepost/ros2_ws'
[1.913s] Level 1:colcon.colcon_core.package_identification:_identify(.) by extensions ['ignore', 'ignore_ament_install']
[1.914s] Level 1:colcon.colcon_core.package_identification:_identify(.) by extension 'ignore'
[1.915s] Level 1:colcon.colcon_core.package_identification:_identify(.) by extension 'ignore_ament_install'
[1.916s] Level 1:colcon.colcon_core.package_identification:_identify(.) by extensions ['colcon_pkg']
[1.916s] Level 1:colcon.colcon_core.package_identification:_identify(.) by extension 'colcon_pkg'
[1.916s] Level 1:colcon.colcon_core.package_identification:_identify(.) by extensions ['colcon_meta']
[1.917s] Level 1:colcon.colcon_core.package_identification:_identify(.) by extension 'colcon_meta'
[1.917s] Level 1:colcon.colcon_core.package_identification:_identify(.) by extensions ['ros']
[1.918s] Level 1:colcon.colcon_core.package_identification:_identify(.) by extension 'ros'
[2.048s] Level 1:colcon.colcon_core.package_identification:_identify(.) by extensions ['cmake', 'python']
[2.049s] Level 1:colcon.colcon_core.package_identification:_identify(.) by extension 'cmake'
[2.049s] Level 1:colcon.colcon_core.package_identification:_identify(.) by extension 'python'
[2.050s] Level 1:colcon.colcon_core.package_identification:_identify(.) by extensions ['python_setup_py']
[2.051s] Level 1:colcon.colcon_core.package_identification:_identify(.) by extension 'python_setup_py'
[2.052s] Level 1:colcon.colcon_core.package_identification:_identify(build) by extensions ['ignore', 'ignore_ament_install']
[2.054s] Level 1:colcon.colcon_core.package_identification:_identify(build) by extension 'ignore'
[2.054s] Level 1:colcon.colcon_core.package_identification:_identify(build) ignored
[2.056s] Level 1:colcon.colcon_core.package_identification:_identify(install) by extensions ['ignore', 'ignore_ament_install']
[2.057s] Level 1:colcon.colcon_core.package_identification:_identify(install) by extension 'ignore'
[2.057s] Level 1:colcon.colcon_core.package_identification:_identify(install) ignored
[2.059s] Level 1:colcon.colcon_core.package_identification:_identify(log) by extensions ['ignore', 'ignore_ament_install']
[2.060s] Level 1:colcon.colcon_core.package_identification:_identify(log) by extension 'ignore'
[2.061s] Level 1:colcon.colcon_core.package_identification:_identify(log) ignored
[2.062s] Level 1:colcon.colcon_core.package_identification:_identify(src) by extensions ['ignore', 'ignore_ament_install']
[2.063s] Level 1:colcon.colcon_core.package_identification:_identify(src) by extension 'ignore'
[2.063s] Level 1:colcon.colcon_core.package_identification:_identify(src) by extension 'ignore_ament_install'
[2.064s] Level 1:colcon.colcon_core.package_identification:_identify(src) by extensions ['colcon_pkg']
[2.064s] Level 1:colcon.colcon_core.package_identification:_identify(src) by extension 'colcon_pkg'
[2.065s] Level 1:colcon.colcon_core.package_identification:_identify(src) by extensions ['colcon_meta']
[2.065s] Level 1:colcon.colcon_core.package_identification:_identify(src) by extension 'colcon_meta'
[2.066s] Level 1:colcon.colcon_core.package_identification:_identify(src) by extensions ['ros']
[2.066s] Level 1:colcon.colcon_core.package_identification:_identify(src) by extension 'ros'
[2.067s] Level 1:colcon.colcon_core.package_identification:_identify(src) by extensions ['cmake', 'python']
[2.067s] Level 1:colcon.colcon_core.package_identification:_identify(src) by extension 'cmake'
[2.068s] Level 1:colcon.colcon_core.package_identification:_identify(src) by extension 'python'
[2.068s] Level 1:colcon.colcon_core.package_identification:_identify(src) by extensions ['python_setup_py']
[2.069s] Level 1:colcon.colcon_core.package_identification:_identify(src) by extension 'python_setup_py'
[2.070s] Level 1:colcon.colcon_core.package_identification:_identify(src/whitepost_robot) by extensions ['ignore', 'ignore_ament_install']
[2.071s] Level 1:colcon.colcon_core.package_identification:_identify(src/whitepost_robot) by extension 'ignore'
[2.072s] Level 1:colcon.colcon_core.package_identification:_identify(src/whitepost_robot) by extension 'ignore_ament_install'
[2.072s] Level 1:colcon.colcon_core.package_identification:_identify(src/whitepost_robot) by extensions ['colcon_pkg']
[2.073s] Level 1:colcon.colcon_core.package_identification:_identify(src/whitepost_robot) by extension 'colcon_pkg'
[2.073s] Level 1:colcon.colcon_core.package_identification:_identify(src/whitepost_robot) by extensions ['colcon_meta']
[2.074s] Level 1:colcon.colcon_core.package_identification:_identify(src/whitepost_robot) by extension 'colcon_meta'
[2.074s] Level 1:colcon.colcon_core.package_identification:_identify(src/whitepost_robot) by extensions ['ros']
[2.074s] Level 1:colcon.colcon_core.package_identification:_identify(src/whitepost_robot) by extension 'ros'
[2.095s] DEBUG:colcon.colcon_core.package_identification:Package 'src/whitepost_robot' with type 'ros.ament_python' and name 'whitepost_robot'
[2.096s] Level 1:colcon.colcon_core.package_discovery:discover_packages(recursive) using defaults
[2.096s] Level 1:colcon.colcon_core.package_discovery:discover_packages(ignore) discover
[2.097s] Level 1:colcon.colcon_core.package_discovery:discover_packages(ignore) using defaults
[2.097s] Level 1:colcon.colcon_core.package_discovery:discover_packages(path) discover
[2.097s] Level 1:colcon.colcon_core.package_discovery:discover_packages(path) using defaults
[2.295s] Level 1:colcon.colcon_core.package_discovery:discover_packages(prefix_path) check parameters
[2.296s] Level 1:colcon.colcon_core.package_discovery:discover_packages(prefix_path) discover
[2.315s] DEBUG:colcon.colcon_installed_package_information.package_discovery:Found 1 installed packages in /home/whitepost/ros2_ws/install
[2.334s] DEBUG:colcon.colcon_installed_package_information.package_discovery:Found 187 installed packages in /opt/ros/humble
[2.347s] Level 1:colcon.colcon_core.package_discovery:discover_packages(prefix_path) using defaults
[2.735s] Level 5:colcon.colcon_core.verb:set package 'whitepost_robot' build argument 'cmake_args' from command line to 'None'
[2.736s] Level 5:colcon.colcon_core.verb:set package 'whitepost_robot' build argument 'cmake_target' from command line to 'None'
[2.736s] Level 5:colcon.colcon_core.verb:set package 'whitepost_robot' build argument 'cmake_target_skip_unavailable' from command line to 'False'
[2.736s] Level 5:colcon.colcon_core.verb:set package 'whitepost_robot' build argument 'cmake_clean_cache' from command line to 'False'
[2.737s] Level 5:colcon.colcon_core.verb:set package 'whitepost_robot' build argument 'cmake_clean_first' from command line to 'False'
[2.737s] Level 5:colcon.colcon_core.verb:set package 'whitepost_robot' build argument 'cmake_force_configure' from command line to 'False'
[2.737s] Level 5:colcon.colcon_core.verb:set package 'whitepost_robot' build argument 'ament_cmake_args' from command line to 'None'
[2.738s] Level 5:colcon.colcon_core.verb:set package 'whitepost_robot' build argument 'catkin_cmake_args' from command line to 'None'
[2.738s] Level 5:colcon.colcon_core.verb:set package 'whitepost_robot' build argument 'catkin_skip_building_tests' from command line to 'False'
[2.738s] DEBUG:colcon.colcon_core.verb:Building package 'whitepost_robot' with the following arguments: {'ament_cmake_args': None, 'build_base': '/home/whitepost/ros2_ws/build/whitepost_robot', 'catkin_cmake_args': None, 'catkin_skip_building_tests': False, 'cmake_args': None, 'cmake_clean_cache': False, 'cmake_clean_first': False, 'cmake_force_configure': False, 'cmake_target': None, 'cmake_target_skip_unavailable': False, 'install_base': '/home/whitepost/ros2_ws/install/whitepost_robot', 'merge_install': False, 'path': '/home/whitepost/ros2_ws/src/whitepost_robot', 'symlink_install': False, 'test_result_base': None}
[2.740s] INFO:colcon.colcon_core.executor:Executing jobs using 'parallel' executor
[2.747s] DEBUG:colcon.colcon_parallel_executor.executor.parallel:run_until_complete
[2.748s] INFO:colcon.colcon_ros.task.ament_python.build:Building ROS package in '/home/whitepost/ros2_ws/src/whitepost_robot' with build type 'ament_python'
[2.750s] Level 1:colcon.colcon_core.shell:create_environment_hook('whitepost_robot', 'ament_prefix_path')
[2.772s] INFO:colcon.colcon_core.plugin_system:Skipping extension 'colcon_core.shell.bat': Not used on non-Windows systems
[2.774s] INFO:colcon.colcon_core.shell:Creating environment hook '/home/whitepost/ros2_ws/install/whitepost_robot/share/whitepost_robot/hook/ament_prefix_path.ps1'
[2.781s] INFO:colcon.colcon_core.shell:Creating environment descriptor '/home/whitepost/ros2_ws/install/whitepost_robot/share/whitepost_robot/hook/ament_prefix_path.dsv'
[2.787s] INFO:colcon.colcon_core.shell:Creating environment hook '/home/whitepost/ros2_ws/install/whitepost_robot/share/whitepost_robot/hook/ament_prefix_path.sh'
[2.796s] INFO:colcon.colcon_core.shell:Skip shell extension 'powershell' for command environment: Not usable outside of PowerShell
[2.796s] DEBUG:colcon.colcon_core.shell:Skip shell extension 'dsv' for command environment
[5.272s] INFO:colcon.colcon_core.task.python.build:Building Python package in '/home/whitepost/ros2_ws/src/whitepost_robot'
[5.273s] INFO:colcon.colcon_core.shell:Skip shell extension 'powershell' for command environment: Not usable outside of PowerShell
[5.273s] DEBUG:colcon.colcon_core.shell:Skip shell extension 'dsv' for command environment
[6.965s] DEBUG:colcon.colcon_core.event_handler.log_command:Invoking command in '/home/whitepost/ros2_ws/src/whitepost_robot': PYTHONPATH=/home/whitepost/ros2_ws/build/whitepost_robot/prefix_override:/usr/lib/python3/dist-packages/colcon_core/task/python/colcon_distutils_commands:/home/whitepost/ros2_ws/install/whitepost_robot/lib/python3.10/site-packages:${PYTHONPATH} /usr/bin/python3 -W ignore:setup.py install is deprecated -W ignore:easy_install command is deprecated setup.py egg_info --egg-base ../../build/whitepost_robot build --build-base /home/whitepost/ros2_ws/build/whitepost_robot/build install --record /home/whitepost/ros2_ws/build/whitepost_robot/install.log --single-version-externally-managed install_data
[9.783s] DEBUG:colcon.colcon_core.event_handler.log_command:Invoked command in '/home/whitepost/ros2_ws/src/whitepost_robot' returned '0': PYTHONPATH=/home/whitepost/ros2_ws/build/whitepost_robot/prefix_override:/usr/lib/python3/dist-packages/colcon_core/task/python/colcon_distutils_commands:/home/whitepost/ros2_ws/install/whitepost_robot/lib/python3.10/site-packages:${PYTHONPATH} /usr/bin/python3 -W ignore:setup.py install is deprecated -W ignore:easy_install command is deprecated setup.py egg_info --egg-base ../../build/whitepost_robot build --build-base /home/whitepost/ros2_ws/build/whitepost_robot/build install --record /home/whitepost/ros2_ws/build/whitepost_robot/install.log --single-version-externally-managed install_data
[9.812s] Level 1:colcon.colcon_core.environment:checking '/home/whitepost/ros2_ws/install/whitepost_robot' for CMake module files
[9.819s] Level 1:colcon.colcon_core.environment:checking '/home/whitepost/ros2_ws/install/whitepost_robot' for CMake config files
[9.832s] Level 1:colcon.colcon_core.environment:checking '/home/whitepost/ros2_ws/install/whitepost_robot/lib'
[9.835s] Level 1:colcon.colcon_core.environment:checking '/home/whitepost/ros2_ws/install/whitepost_robot/bin'
[9.837s] Level 1:colcon.colcon_core.environment:checking '/home/whitepost/ros2_ws/install/whitepost_robot/lib/pkgconfig/whitepost_robot.pc'
[9.840s] Level 1:colcon.colcon_core.environment:checking '/home/whitepost/ros2_ws/install/whitepost_robot/lib/python3.10/site-packages'
[9.841s] Level 1:colcon.colcon_core.shell:create_environment_hook('whitepost_robot', 'pythonpath')
[9.843s] INFO:colcon.colcon_core.shell:Creating environment hook '/home/whitepost/ros2_ws/install/whitepost_robot/share/whitepost_robot/hook/pythonpath.ps1'
[9.848s] INFO:colcon.colcon_core.shell:Creating environment descriptor '/home/whitepost/ros2_ws/install/whitepost_robot/share/whitepost_robot/hook/pythonpath.dsv'
[9.853s] INFO:colcon.colcon_core.shell:Creating environment hook '/home/whitepost/ros2_ws/install/whitepost_robot/share/whitepost_robot/hook/pythonpath.sh'
[9.862s] Level 1:colcon.colcon_core.environment:checking '/home/whitepost/ros2_ws/install/whitepost_robot/bin'
[9.863s] Level 1:colcon.colcon_core.environment:create_environment_scripts_only(whitepost_robot)
[9.866s] INFO:colcon.colcon_core.shell:Creating package script '/home/whitepost/ros2_ws/install/whitepost_robot/share/whitepost_robot/package.ps1'
[9.875s] INFO:colcon.colcon_core.shell:Creating package descriptor '/home/whitepost/ros2_ws/install/whitepost_robot/share/whitepost_robot/package.dsv'
[9.882s] INFO:colcon.colcon_core.shell:Creating package script '/home/whitepost/ros2_ws/install/whitepost_robot/share/whitepost_robot/package.sh'
[9.891s] INFO:colcon.colcon_core.shell:Creating package script '/home/whitepost/ros2_ws/install/whitepost_robot/share/whitepost_robot/package.bash'
[9.900s] INFO:colcon.colcon_core.shell:Creating package script '/home/whitepost/ros2_ws/install/whitepost_robot/share/whitepost_robot/package.zsh'
[9.908s] Level 1:colcon.colcon_core.environment:create_file_with_runtime_dependencies(/home/whitepost/ros2_ws/install/whitepost_robot/share/colcon-core/packages/whitepost_robot)
[9.911s] DEBUG:colcon.colcon_parallel_executor.executor.parallel:closing loop
[9.914s] DEBUG:colcon.colcon_parallel_executor.executor.parallel:loop closed
[9.914s] DEBUG:colcon.colcon_parallel_executor.executor.parallel:run_until_complete finished with '0'
[9.916s] DEBUG:colcon.colcon_core.event_reactor:joining thread
[9.964s] INFO:colcon.colcon_core.plugin_system:Skipping extension 'colcon_notification.desktop_notification.notify_send': Could not find 'notify-send'
[9.965s] INFO:colcon.colcon_core.plugin_system:Skipping extension 'colcon_notification.desktop_notification.terminal_notifier': Not used on non-Darwin systems
[9.966s] INFO:colcon.colcon_core.plugin_system:Skipping extension 'colcon_notification.desktop_notification.win32': Not used on non-Windows systems
[9.966s] INFO:colcon.colcon_notification.desktop_notification:Sending desktop notification using 'notify2'
[9.973s] DEBUG:colcon.colcon_notification.desktop_notification.notify2:Failed to initialize notify2: org.freedesktop.DBus.Error.ServiceUnknown: The name org.freedesktop.Notifications was not provided by any .service files
[9.974s] DEBUG:colcon.colcon_core.event_reactor:joined thread
[9.976s] INFO:colcon.colcon_core.shell:Creating prefix script '/home/whitepost/ros2_ws/install/local_setup.ps1'
[9.986s] INFO:colcon.colcon_core.shell:Creating prefix util module '/home/whitepost/ros2_ws/install/_local_setup_util_ps1.py'
[10.002s] INFO:colcon.colcon_core.shell:Creating prefix chain script '/home/whitepost/ros2_ws/install/setup.ps1'
[10.012s] INFO:colcon.colcon_core.shell:Creating prefix script '/home/whitepost/ros2_ws/install/local_setup.sh'
[10.019s] INFO:colcon.colcon_core.shell:Creating prefix util module '/home/whitepost/ros2_ws/install/_local_setup_util_sh.py'
[10.026s] INFO:colcon.colcon_core.shell:Creating prefix chain script '/home/whitepost/ros2_ws/install/setup.sh'
[10.037s] INFO:colcon.colcon_core.shell:Creating prefix script '/home/whitepost/ros2_ws/install/local_setup.bash'
[10.043s] INFO:colcon.colcon_core.shell:Creating prefix chain script '/home/whitepost/ros2_ws/install/setup.bash'
[10.054s] INFO:colcon.colcon_core.shell:Creating prefix script '/home/whitepost/ros2_ws/install/local_setup.zsh'
[10.059s] INFO:colcon.colcon_core.shell:Creating prefix chain script '/home/whitepost/ros2_ws/install/setup.zsh'
