[1.095s] DEBUG:colcon:Command line arguments: ['/usr/bin/colcon', 'build']
[1.096s] DEBUG:colcon:Parsed command line arguments: Namespace(log_base=None, log_level=None, verb_name='build', build_base='build', install_base='install', merge_install=False, symlink_install=False, test_result_base=None, continue_on_error=False, executor='parallel', parallel_workers=4, event_handlers=None, ignore_user_meta=False, metas=['./colcon.meta'], base_paths=['.'], packages_ignore=None, packages_ignore_regex=None, paths=None, packages_up_to=None, packages_up_to_regex=None, packages_above=None, packages_above_and_dependencies=None, packages_above_depth=None, packages_select_by_dep=None, packages_skip_by_dep=None, packages_skip_up_to=None, packages_select_build_failed=False, packages_skip_build_finished=False, packages_select_test_failures=False, packages_skip_test_passed=False, packages_select=None, packages_skip=None, packages_select_regex=None, packages_skip_regex=None, packages_start=None, packages_end=None, allow_overriding=[], cmake_args=None, cmake_target=None, cmake_target_skip_unavailable=False, cmake_clean_cache=False, cmake_clean_first=False, cmake_force_configure=False, ament_cmake_args=None, catkin_cmake_args=None, catkin_skip_building_tests=False, verb_parser=<colcon_defaults.argument_parser.defaults.DefaultArgumentsDecorator object at 0xffff8245e560>, verb_extension=<colcon_core.verb.build.BuildVerb object at 0xffff82567a30>, main=<bound method BuildVerb.main of <colcon_core.verb.build.BuildVerb object at 0xffff82567a30>>)
[2.297s] Level 1:colcon.colcon_core.package_discovery:discover_packages(colcon_meta) check parameters
[2.298s] Level 1:colcon.colcon_core.package_discovery:discover_packages(recursive) check parameters
[2.298s] Level 1:colcon.colcon_core.package_discovery:discover_packages(ignore) check parameters
[2.298s] Level 1:colcon.colcon_core.package_discovery:discover_packages(path) check parameters
[2.298s] Level 1:colcon.colcon_core.package_discovery:discover_packages(colcon_meta) discover
[2.299s] Level 1:colcon.colcon_core.package_discovery:discover_packages(recursive) discover
[2.299s] INFO:colcon.colcon_core.package_discovery:Crawling recursively for packages in '/home/whitepost/ros2_ws'
[2.299s] Level 1:colcon.colcon_core.package_identification:_identify(.) by extensions ['ignore', 'ignore_ament_install']
[2.300s] Level 1:colcon.colcon_core.package_identification:_identify(.) by extension 'ignore'
[2.300s] Level 1:colcon.colcon_core.package_identification:_identify(.) by extension 'ignore_ament_install'
[2.301s] Level 1:colcon.colcon_core.package_identification:_identify(.) by extensions ['colcon_pkg']
[2.301s] Level 1:colcon.colcon_core.package_identification:_identify(.) by extension 'colcon_pkg'
[2.301s] Level 1:colcon.colcon_core.package_identification:_identify(.) by extensions ['colcon_meta']
[2.301s] Level 1:colcon.colcon_core.package_identification:_identify(.) by extension 'colcon_meta'
[2.301s] Level 1:colcon.colcon_core.package_identification:_identify(.) by extensions ['ros']
[2.301s] Level 1:colcon.colcon_core.package_identification:_identify(.) by extension 'ros'
[2.391s] Level 1:colcon.colcon_core.package_identification:_identify(.) by extensions ['cmake', 'python']
[2.391s] Level 1:colcon.colcon_core.package_identification:_identify(.) by extension 'cmake'
[2.392s] Level 1:colcon.colcon_core.package_identification:_identify(.) by extension 'python'
[2.392s] Level 1:colcon.colcon_core.package_identification:_identify(.) by extensions ['python_setup_py']
[2.392s] Level 1:colcon.colcon_core.package_identification:_identify(.) by extension 'python_setup_py'
[2.393s] Level 1:colcon.colcon_core.package_identification:_identify(build) by extensions ['ignore', 'ignore_ament_install']
[2.393s] Level 1:colcon.colcon_core.package_identification:_identify(build) by extension 'ignore'
[2.393s] Level 1:colcon.colcon_core.package_identification:_identify(build) ignored
[2.394s] Level 1:colcon.colcon_core.package_identification:_identify(install) by extensions ['ignore', 'ignore_ament_install']
[2.395s] Level 1:colcon.colcon_core.package_identification:_identify(install) by extension 'ignore'
[2.395s] Level 1:colcon.colcon_core.package_identification:_identify(install) ignored
[2.396s] Level 1:colcon.colcon_core.package_identification:_identify(log) by extensions ['ignore', 'ignore_ament_install']
[2.396s] Level 1:colcon.colcon_core.package_identification:_identify(log) by extension 'ignore'
[2.396s] Level 1:colcon.colcon_core.package_identification:_identify(log) ignored
[2.400s] Level 1:colcon.colcon_core.package_identification:_identify(src) by extensions ['ignore', 'ignore_ament_install']
[2.400s] Level 1:colcon.colcon_core.package_identification:_identify(src) by extension 'ignore'
[2.401s] Level 1:colcon.colcon_core.package_identification:_identify(src) by extension 'ignore_ament_install'
[2.401s] Level 1:colcon.colcon_core.package_identification:_identify(src) by extensions ['colcon_pkg']
[2.401s] Level 1:colcon.colcon_core.package_identification:_identify(src) by extension 'colcon_pkg'
[2.401s] Level 1:colcon.colcon_core.package_identification:_identify(src) by extensions ['colcon_meta']
[2.401s] Level 1:colcon.colcon_core.package_identification:_identify(src) by extension 'colcon_meta'
[2.402s] Level 1:colcon.colcon_core.package_identification:_identify(src) by extensions ['ros']
[2.402s] Level 1:colcon.colcon_core.package_identification:_identify(src) by extension 'ros'
[2.402s] Level 1:colcon.colcon_core.package_identification:_identify(src) by extensions ['cmake', 'python']
[2.402s] Level 1:colcon.colcon_core.package_identification:_identify(src) by extension 'cmake'
[2.403s] Level 1:colcon.colcon_core.package_identification:_identify(src) by extension 'python'
[2.403s] Level 1:colcon.colcon_core.package_identification:_identify(src) by extensions ['python_setup_py']
[2.403s] Level 1:colcon.colcon_core.package_identification:_identify(src) by extension 'python_setup_py'
[2.404s] Level 1:colcon.colcon_core.package_identification:_identify(src/whitepost_robot) by extensions ['ignore', 'ignore_ament_install']
[2.405s] Level 1:colcon.colcon_core.package_identification:_identify(src/whitepost_robot) by extension 'ignore'
[2.405s] Level 1:colcon.colcon_core.package_identification:_identify(src/whitepost_robot) by extension 'ignore_ament_install'
[2.405s] Level 1:colcon.colcon_core.package_identification:_identify(src/whitepost_robot) by extensions ['colcon_pkg']
[2.406s] Level 1:colcon.colcon_core.package_identification:_identify(src/whitepost_robot) by extension 'colcon_pkg'
[2.406s] Level 1:colcon.colcon_core.package_identification:_identify(src/whitepost_robot) by extensions ['colcon_meta']
[2.406s] Level 1:colcon.colcon_core.package_identification:_identify(src/whitepost_robot) by extension 'colcon_meta'
[2.406s] Level 1:colcon.colcon_core.package_identification:_identify(src/whitepost_robot) by extensions ['ros']
[2.406s] Level 1:colcon.colcon_core.package_identification:_identify(src/whitepost_robot) by extension 'ros'
[2.421s] DEBUG:colcon.colcon_core.package_identification:Package 'src/whitepost_robot' with type 'ros.ament_python' and name 'whitepost_robot'
[2.430s] Level 1:colcon.colcon_core.package_identification:_identify(test) by extensions ['ignore', 'ignore_ament_install']
[2.430s] Level 1:colcon.colcon_core.package_identification:_identify(test) by extension 'ignore'
[2.431s] Level 1:colcon.colcon_core.package_identification:_identify(test) by extension 'ignore_ament_install'
[2.431s] Level 1:colcon.colcon_core.package_identification:_identify(test) by extensions ['colcon_pkg']
[2.431s] Level 1:colcon.colcon_core.package_identification:_identify(test) by extension 'colcon_pkg'
[2.432s] Level 1:colcon.colcon_core.package_identification:_identify(test) by extensions ['colcon_meta']
[2.432s] Level 1:colcon.colcon_core.package_identification:_identify(test) by extension 'colcon_meta'
[2.432s] Level 1:colcon.colcon_core.package_identification:_identify(test) by extensions ['ros']
[2.432s] Level 1:colcon.colcon_core.package_identification:_identify(test) by extension 'ros'
[2.433s] Level 1:colcon.colcon_core.package_identification:_identify(test) by extensions ['cmake', 'python']
[2.433s] Level 1:colcon.colcon_core.package_identification:_identify(test) by extension 'cmake'
[2.433s] Level 1:colcon.colcon_core.package_identification:_identify(test) by extension 'python'
[2.434s] Level 1:colcon.colcon_core.package_identification:_identify(test) by extensions ['python_setup_py']
[2.434s] Level 1:colcon.colcon_core.package_identification:_identify(test) by extension 'python_setup_py'
[2.434s] Level 1:colcon.colcon_core.package_discovery:discover_packages(recursive) using defaults
[2.434s] Level 1:colcon.colcon_core.package_discovery:discover_packages(ignore) discover
[2.435s] Level 1:colcon.colcon_core.package_discovery:discover_packages(ignore) using defaults
[2.435s] Level 1:colcon.colcon_core.package_discovery:discover_packages(path) discover
[2.435s] Level 1:colcon.colcon_core.package_discovery:discover_packages(path) using defaults
[2.581s] Level 1:colcon.colcon_core.package_discovery:discover_packages(prefix_path) check parameters
[2.581s] Level 1:colcon.colcon_core.package_discovery:discover_packages(prefix_path) discover
[2.602s] DEBUG:colcon.colcon_installed_package_information.package_discovery:Found 187 installed packages in /opt/ros/humble
[2.608s] Level 1:colcon.colcon_core.package_discovery:discover_packages(prefix_path) using defaults
[2.794s] Level 5:colcon.colcon_core.verb:set package 'whitepost_robot' build argument 'cmake_args' from command line to 'None'
[2.794s] Level 5:colcon.colcon_core.verb:set package 'whitepost_robot' build argument 'cmake_target' from command line to 'None'
[2.794s] Level 5:colcon.colcon_core.verb:set package 'whitepost_robot' build argument 'cmake_target_skip_unavailable' from command line to 'False'
[2.794s] Level 5:colcon.colcon_core.verb:set package 'whitepost_robot' build argument 'cmake_clean_cache' from command line to 'False'
[2.794s] Level 5:colcon.colcon_core.verb:set package 'whitepost_robot' build argument 'cmake_clean_first' from command line to 'False'
[2.794s] Level 5:colcon.colcon_core.verb:set package 'whitepost_robot' build argument 'cmake_force_configure' from command line to 'False'
[2.795s] Level 5:colcon.colcon_core.verb:set package 'whitepost_robot' build argument 'ament_cmake_args' from command line to 'None'
[2.795s] Level 5:colcon.colcon_core.verb:set package 'whitepost_robot' build argument 'catkin_cmake_args' from command line to 'None'
[2.795s] Level 5:colcon.colcon_core.verb:set package 'whitepost_robot' build argument 'catkin_skip_building_tests' from command line to 'False'
[2.795s] DEBUG:colcon.colcon_core.verb:Building package 'whitepost_robot' with the following arguments: {'ament_cmake_args': None, 'build_base': '/home/whitepost/ros2_ws/build/whitepost_robot', 'catkin_cmake_args': None, 'catkin_skip_building_tests': False, 'cmake_args': None, 'cmake_clean_cache': False, 'cmake_clean_first': False, 'cmake_force_configure': False, 'cmake_target': None, 'cmake_target_skip_unavailable': False, 'install_base': '/home/whitepost/ros2_ws/install/whitepost_robot', 'merge_install': False, 'path': '/home/whitepost/ros2_ws/src/whitepost_robot', 'symlink_install': False, 'test_result_base': None}
[2.796s] INFO:colcon.colcon_core.executor:Executing jobs using 'parallel' executor
[2.799s] DEBUG:colcon.colcon_parallel_executor.executor.parallel:run_until_complete
[2.800s] INFO:colcon.colcon_ros.task.ament_python.build:Building ROS package in '/home/whitepost/ros2_ws/src/whitepost_robot' with build type 'ament_python'
[2.800s] Level 1:colcon.colcon_core.shell:create_environment_hook('whitepost_robot', 'ament_prefix_path')
[2.826s] INFO:colcon.colcon_core.plugin_system:Skipping extension 'colcon_core.shell.bat': Not used on non-Windows systems
[2.828s] INFO:colcon.colcon_core.shell:Creating environment hook '/home/whitepost/ros2_ws/install/whitepost_robot/share/whitepost_robot/hook/ament_prefix_path.ps1'
[2.836s] INFO:colcon.colcon_core.shell:Creating environment descriptor '/home/whitepost/ros2_ws/install/whitepost_robot/share/whitepost_robot/hook/ament_prefix_path.dsv'
[2.841s] INFO:colcon.colcon_core.shell:Creating environment hook '/home/whitepost/ros2_ws/install/whitepost_robot/share/whitepost_robot/hook/ament_prefix_path.sh'
[2.846s] INFO:colcon.colcon_core.shell:Skip shell extension 'powershell' for command environment: Not usable outside of PowerShell
[2.846s] DEBUG:colcon.colcon_core.shell:Skip shell extension 'dsv' for command environment
[4.087s] INFO:colcon.colcon_core.task.python.build:Building Python package in '/home/whitepost/ros2_ws/src/whitepost_robot'
[4.088s] INFO:colcon.colcon_core.shell:Skip shell extension 'powershell' for command environment: Not usable outside of PowerShell
[4.088s] DEBUG:colcon.colcon_core.shell:Skip shell extension 'dsv' for command environment
[6.392s] DEBUG:colcon.colcon_core.event_handler.log_command:Invoking command in '/home/whitepost/ros2_ws/src/whitepost_robot': PYTHONPATH=/home/whitepost/ros2_ws/build/whitepost_robot/prefix_override:/usr/lib/python3/dist-packages/colcon_core/task/python/colcon_distutils_commands:/home/whitepost/ros2_ws/install/whitepost_robot/lib/python3.10/site-packages:${PYTHONPATH} /usr/bin/python3 -W ignore:setup.py install is deprecated -W ignore:easy_install command is deprecated setup.py egg_info --egg-base ../../build/whitepost_robot build --build-base /home/whitepost/ros2_ws/build/whitepost_robot/build install --record /home/whitepost/ros2_ws/build/whitepost_robot/install.log --single-version-externally-managed install_data
[7.789s] DEBUG:colcon.colcon_core.event_handler.log_command:Invoked command in '/home/whitepost/ros2_ws/src/whitepost_robot' returned '0': PYTHONPATH=/home/whitepost/ros2_ws/build/whitepost_robot/prefix_override:/usr/lib/python3/dist-packages/colcon_core/task/python/colcon_distutils_commands:/home/whitepost/ros2_ws/install/whitepost_robot/lib/python3.10/site-packages:${PYTHONPATH} /usr/bin/python3 -W ignore:setup.py install is deprecated -W ignore:easy_install command is deprecated setup.py egg_info --egg-base ../../build/whitepost_robot build --build-base /home/whitepost/ros2_ws/build/whitepost_robot/build install --record /home/whitepost/ros2_ws/build/whitepost_robot/install.log --single-version-externally-managed install_data
[7.819s] Level 1:colcon.colcon_core.environment:checking '/home/whitepost/ros2_ws/install/whitepost_robot' for CMake module files
[7.822s] Level 1:colcon.colcon_core.environment:checking '/home/whitepost/ros2_ws/install/whitepost_robot' for CMake config files
[7.832s] Level 1:colcon.colcon_core.environment:checking '/home/whitepost/ros2_ws/install/whitepost_robot/lib'
[7.833s] Level 1:colcon.colcon_core.environment:checking '/home/whitepost/ros2_ws/install/whitepost_robot/bin'
[7.834s] Level 1:colcon.colcon_core.environment:checking '/home/whitepost/ros2_ws/install/whitepost_robot/lib/pkgconfig/whitepost_robot.pc'
[7.835s] Level 1:colcon.colcon_core.environment:checking '/home/whitepost/ros2_ws/install/whitepost_robot/lib/python3.10/site-packages'
[7.835s] Level 1:colcon.colcon_core.shell:create_environment_hook('whitepost_robot', 'pythonpath')
[7.836s] INFO:colcon.colcon_core.shell:Creating environment hook '/home/whitepost/ros2_ws/install/whitepost_robot/share/whitepost_robot/hook/pythonpath.ps1'
[7.839s] INFO:colcon.colcon_core.shell:Creating environment descriptor '/home/whitepost/ros2_ws/install/whitepost_robot/share/whitepost_robot/hook/pythonpath.dsv'
[7.841s] INFO:colcon.colcon_core.shell:Creating environment hook '/home/whitepost/ros2_ws/install/whitepost_robot/share/whitepost_robot/hook/pythonpath.sh'
[7.846s] Level 1:colcon.colcon_core.environment:checking '/home/whitepost/ros2_ws/install/whitepost_robot/bin'
[7.846s] Level 1:colcon.colcon_core.environment:create_environment_scripts_only(whitepost_robot)
[7.848s] INFO:colcon.colcon_core.shell:Creating package script '/home/whitepost/ros2_ws/install/whitepost_robot/share/whitepost_robot/package.ps1'
[7.854s] INFO:colcon.colcon_core.shell:Creating package descriptor '/home/whitepost/ros2_ws/install/whitepost_robot/share/whitepost_robot/package.dsv'
[7.857s] INFO:colcon.colcon_core.shell:Creating package script '/home/whitepost/ros2_ws/install/whitepost_robot/share/whitepost_robot/package.sh'
[7.865s] INFO:colcon.colcon_core.shell:Creating package script '/home/whitepost/ros2_ws/install/whitepost_robot/share/whitepost_robot/package.bash'
[7.877s] INFO:colcon.colcon_core.shell:Creating package script '/home/whitepost/ros2_ws/install/whitepost_robot/share/whitepost_robot/package.zsh'
[7.884s] Level 1:colcon.colcon_core.environment:create_file_with_runtime_dependencies(/home/whitepost/ros2_ws/install/whitepost_robot/share/colcon-core/packages/whitepost_robot)
[7.885s] DEBUG:colcon.colcon_parallel_executor.executor.parallel:closing loop
[7.886s] DEBUG:colcon.colcon_parallel_executor.executor.parallel:loop closed
[7.887s] DEBUG:colcon.colcon_parallel_executor.executor.parallel:run_until_complete finished with '0'
[7.888s] DEBUG:colcon.colcon_core.event_reactor:joining thread
[7.916s] INFO:colcon.colcon_core.plugin_system:Skipping extension 'colcon_notification.desktop_notification.notify_send': Could not find 'notify-send'
[7.916s] INFO:colcon.colcon_core.plugin_system:Skipping extension 'colcon_notification.desktop_notification.terminal_notifier': Not used on non-Darwin systems
[7.916s] INFO:colcon.colcon_core.plugin_system:Skipping extension 'colcon_notification.desktop_notification.win32': Not used on non-Windows systems
[7.917s] INFO:colcon.colcon_notification.desktop_notification:Sending desktop notification using 'notify2'
[7.951s] DEBUG:colcon.colcon_notification.desktop_notification.notify2:Failed to initialize notify2: org.freedesktop.DBus.Error.ServiceUnknown: The name org.freedesktop.Notifications was not provided by any .service files
[7.952s] DEBUG:colcon.colcon_core.event_reactor:joined thread
[7.953s] INFO:colcon.colcon_core.shell:Creating prefix script '/home/whitepost/ros2_ws/install/local_setup.ps1'
[7.959s] INFO:colcon.colcon_core.shell:Creating prefix util module '/home/whitepost/ros2_ws/install/_local_setup_util_ps1.py'
[7.973s] INFO:colcon.colcon_core.shell:Creating prefix chain script '/home/whitepost/ros2_ws/install/setup.ps1'
[7.979s] INFO:colcon.colcon_core.shell:Creating prefix script '/home/whitepost/ros2_ws/install/local_setup.sh'
[7.983s] INFO:colcon.colcon_core.shell:Creating prefix util module '/home/whitepost/ros2_ws/install/_local_setup_util_sh.py'
[7.986s] INFO:colcon.colcon_core.shell:Creating prefix chain script '/home/whitepost/ros2_ws/install/setup.sh'
[7.992s] INFO:colcon.colcon_core.shell:Creating prefix script '/home/whitepost/ros2_ws/install/local_setup.bash'
[7.996s] INFO:colcon.colcon_core.shell:Creating prefix chain script '/home/whitepost/ros2_ws/install/setup.bash'
[8.001s] INFO:colcon.colcon_core.shell:Creating prefix script '/home/whitepost/ros2_ws/install/local_setup.zsh'
[8.005s] INFO:colcon.colcon_core.shell:Creating prefix chain script '/home/whitepost/ros2_ws/install/setup.zsh'
