[0.482s] DEBUG:colcon:Command line arguments: ['/usr/bin/colcon', 'build']
[0.482s] DEBUG:colcon:Parsed command line arguments: Namespace(log_base=None, log_level=None, verb_name='build', build_base='build', install_base='install', merge_install=False, symlink_install=False, test_result_base=None, continue_on_error=False, executor='parallel', parallel_workers=4, event_handlers=None, ignore_user_meta=False, metas=['./colcon.meta'], base_paths=['.'], packages_ignore=None, packages_ignore_regex=None, paths=None, packages_up_to=None, packages_up_to_regex=None, packages_above=None, packages_above_and_dependencies=None, packages_above_depth=None, packages_select_by_dep=None, packages_skip_by_dep=None, packages_skip_up_to=None, packages_select_build_failed=False, packages_skip_build_finished=False, packages_select_test_failures=False, packages_skip_test_passed=False, packages_select=None, packages_skip=None, packages_select_regex=None, packages_skip_regex=None, packages_start=None, packages_end=None, allow_overriding=[], cmake_args=None, cmake_target=None, cmake_target_skip_unavailable=False, cmake_clean_cache=False, cmake_clean_first=False, cmake_force_configure=False, ament_cmake_args=None, catkin_cmake_args=None, catkin_skip_building_tests=False, verb_parser=<colcon_defaults.argument_parser.defaults.DefaultArgumentsDecorator object at 0xffffbcd4e950>, verb_extension=<colcon_core.verb.build.BuildVerb object at 0xffffbce53e20>, main=<bound method BuildVerb.main of <colcon_core.verb.build.BuildVerb object at 0xffffbce53e20>>)
[1.867s] Level 1:colcon.colcon_core.package_discovery:discover_packages(colcon_meta) check parameters
[1.868s] Level 1:colcon.colcon_core.package_discovery:discover_packages(recursive) check parameters
[1.869s] Level 1:colcon.colcon_core.package_discovery:discover_packages(ignore) check parameters
[1.869s] Level 1:colcon.colcon_core.package_discovery:discover_packages(path) check parameters
[1.869s] Level 1:colcon.colcon_core.package_discovery:discover_packages(colcon_meta) discover
[1.870s] Level 1:colcon.colcon_core.package_discovery:discover_packages(recursive) discover
[1.870s] INFO:colcon.colcon_core.package_discovery:Crawling recursively for packages in '/home/whitepost/ros2_ws'
[1.872s] Level 1:colcon.colcon_core.package_identification:_identify(.) by extensions ['ignore', 'ignore_ament_install']
[1.872s] Level 1:colcon.colcon_core.package_identification:_identify(.) by extension 'ignore'
[1.873s] Level 1:colcon.colcon_core.package_identification:_identify(.) by extension 'ignore_ament_install'
[1.874s] Level 1:colcon.colcon_core.package_identification:_identify(.) by extensions ['colcon_pkg']
[1.874s] Level 1:colcon.colcon_core.package_identification:_identify(.) by extension 'colcon_pkg'
[1.875s] Level 1:colcon.colcon_core.package_identification:_identify(.) by extensions ['colcon_meta']
[1.875s] Level 1:colcon.colcon_core.package_identification:_identify(.) by extension 'colcon_meta'
[1.876s] Level 1:colcon.colcon_core.package_identification:_identify(.) by extensions ['ros']
[1.876s] Level 1:colcon.colcon_core.package_identification:_identify(.) by extension 'ros'
[2.002s] Level 1:colcon.colcon_core.package_identification:_identify(.) by extensions ['cmake', 'python']
[2.002s] Level 1:colcon.colcon_core.package_identification:_identify(.) by extension 'cmake'
[2.003s] Level 1:colcon.colcon_core.package_identification:_identify(.) by extension 'python'
[2.003s] Level 1:colcon.colcon_core.package_identification:_identify(.) by extensions ['python_setup_py']
[2.004s] Level 1:colcon.colcon_core.package_identification:_identify(.) by extension 'python_setup_py'
[2.005s] Level 1:colcon.colcon_core.package_identification:_identify(build) by extensions ['ignore', 'ignore_ament_install']
[2.006s] Level 1:colcon.colcon_core.package_identification:_identify(build) by extension 'ignore'
[2.006s] Level 1:colcon.colcon_core.package_identification:_identify(build) ignored
[2.008s] Level 1:colcon.colcon_core.package_identification:_identify(install) by extensions ['ignore', 'ignore_ament_install']
[2.009s] Level 1:colcon.colcon_core.package_identification:_identify(install) by extension 'ignore'
[2.010s] Level 1:colcon.colcon_core.package_identification:_identify(install) ignored
[2.011s] Level 1:colcon.colcon_core.package_identification:_identify(log) by extensions ['ignore', 'ignore_ament_install']
[2.012s] Level 1:colcon.colcon_core.package_identification:_identify(log) by extension 'ignore'
[2.013s] Level 1:colcon.colcon_core.package_identification:_identify(log) ignored
[2.014s] Level 1:colcon.colcon_core.package_identification:_identify(src) by extensions ['ignore', 'ignore_ament_install']
[2.015s] Level 1:colcon.colcon_core.package_identification:_identify(src) by extension 'ignore'
[2.015s] Level 1:colcon.colcon_core.package_identification:_identify(src) by extension 'ignore_ament_install'
[2.016s] Level 1:colcon.colcon_core.package_identification:_identify(src) by extensions ['colcon_pkg']
[2.016s] Level 1:colcon.colcon_core.package_identification:_identify(src) by extension 'colcon_pkg'
[2.017s] Level 1:colcon.colcon_core.package_identification:_identify(src) by extensions ['colcon_meta']
[2.017s] Level 1:colcon.colcon_core.package_identification:_identify(src) by extension 'colcon_meta'
[2.018s] Level 1:colcon.colcon_core.package_identification:_identify(src) by extensions ['ros']
[2.018s] Level 1:colcon.colcon_core.package_identification:_identify(src) by extension 'ros'
[2.019s] Level 1:colcon.colcon_core.package_identification:_identify(src) by extensions ['cmake', 'python']
[2.019s] Level 1:colcon.colcon_core.package_identification:_identify(src) by extension 'cmake'
[2.020s] Level 1:colcon.colcon_core.package_identification:_identify(src) by extension 'python'
[2.020s] Level 1:colcon.colcon_core.package_identification:_identify(src) by extensions ['python_setup_py']
[2.021s] Level 1:colcon.colcon_core.package_identification:_identify(src) by extension 'python_setup_py'
[2.022s] Level 1:colcon.colcon_core.package_identification:_identify(src/whitepost_robot) by extensions ['ignore', 'ignore_ament_install']
[2.023s] Level 1:colcon.colcon_core.package_identification:_identify(src/whitepost_robot) by extension 'ignore'
[2.024s] Level 1:colcon.colcon_core.package_identification:_identify(src/whitepost_robot) by extension 'ignore_ament_install'
[2.024s] Level 1:colcon.colcon_core.package_identification:_identify(src/whitepost_robot) by extensions ['colcon_pkg']
[2.025s] Level 1:colcon.colcon_core.package_identification:_identify(src/whitepost_robot) by extension 'colcon_pkg'
[2.025s] Level 1:colcon.colcon_core.package_identification:_identify(src/whitepost_robot) by extensions ['colcon_meta']
[2.025s] Level 1:colcon.colcon_core.package_identification:_identify(src/whitepost_robot) by extension 'colcon_meta'
[2.026s] Level 1:colcon.colcon_core.package_identification:_identify(src/whitepost_robot) by extensions ['ros']
[2.026s] Level 1:colcon.colcon_core.package_identification:_identify(src/whitepost_robot) by extension 'ros'
[2.047s] DEBUG:colcon.colcon_core.package_identification:Package 'src/whitepost_robot' with type 'ros.ament_python' and name 'whitepost_robot'
[2.048s] Level 1:colcon.colcon_core.package_discovery:discover_packages(recursive) using defaults
[2.049s] Level 1:colcon.colcon_core.package_discovery:discover_packages(ignore) discover
[2.049s] Level 1:colcon.colcon_core.package_discovery:discover_packages(ignore) using defaults
[2.049s] Level 1:colcon.colcon_core.package_discovery:discover_packages(path) discover
[2.050s] Level 1:colcon.colcon_core.package_discovery:discover_packages(path) using defaults
[2.244s] Level 1:colcon.colcon_core.package_discovery:discover_packages(prefix_path) check parameters
[2.244s] Level 1:colcon.colcon_core.package_discovery:discover_packages(prefix_path) discover
[2.263s] DEBUG:colcon.colcon_installed_package_information.package_discovery:Found 1 installed packages in /home/whitepost/ros2_ws/install
[2.282s] DEBUG:colcon.colcon_installed_package_information.package_discovery:Found 187 installed packages in /opt/ros/humble
[2.295s] Level 1:colcon.colcon_core.package_discovery:discover_packages(prefix_path) using defaults
[2.683s] Level 5:colcon.colcon_core.verb:set package 'whitepost_robot' build argument 'cmake_args' from command line to 'None'
[2.683s] Level 5:colcon.colcon_core.verb:set package 'whitepost_robot' build argument 'cmake_target' from command line to 'None'
[2.683s] Level 5:colcon.colcon_core.verb:set package 'whitepost_robot' build argument 'cmake_target_skip_unavailable' from command line to 'False'
[2.684s] Level 5:colcon.colcon_core.verb:set package 'whitepost_robot' build argument 'cmake_clean_cache' from command line to 'False'
[2.684s] Level 5:colcon.colcon_core.verb:set package 'whitepost_robot' build argument 'cmake_clean_first' from command line to 'False'
[2.684s] Level 5:colcon.colcon_core.verb:set package 'whitepost_robot' build argument 'cmake_force_configure' from command line to 'False'
[2.685s] Level 5:colcon.colcon_core.verb:set package 'whitepost_robot' build argument 'ament_cmake_args' from command line to 'None'
[2.685s] Level 5:colcon.colcon_core.verb:set package 'whitepost_robot' build argument 'catkin_cmake_args' from command line to 'None'
[2.685s] Level 5:colcon.colcon_core.verb:set package 'whitepost_robot' build argument 'catkin_skip_building_tests' from command line to 'False'
[2.686s] DEBUG:colcon.colcon_core.verb:Building package 'whitepost_robot' with the following arguments: {'ament_cmake_args': None, 'build_base': '/home/whitepost/ros2_ws/build/whitepost_robot', 'catkin_cmake_args': None, 'catkin_skip_building_tests': False, 'cmake_args': None, 'cmake_clean_cache': False, 'cmake_clean_first': False, 'cmake_force_configure': False, 'cmake_target': None, 'cmake_target_skip_unavailable': False, 'install_base': '/home/whitepost/ros2_ws/install/whitepost_robot', 'merge_install': False, 'path': '/home/whitepost/ros2_ws/src/whitepost_robot', 'symlink_install': False, 'test_result_base': None}
[2.687s] INFO:colcon.colcon_core.executor:Executing jobs using 'parallel' executor
[2.694s] DEBUG:colcon.colcon_parallel_executor.executor.parallel:run_until_complete
[2.696s] INFO:colcon.colcon_ros.task.ament_python.build:Building ROS package in '/home/whitepost/ros2_ws/src/whitepost_robot' with build type 'ament_python'
[2.697s] Level 1:colcon.colcon_core.shell:create_environment_hook('whitepost_robot', 'ament_prefix_path')
[2.720s] INFO:colcon.colcon_core.plugin_system:Skipping extension 'colcon_core.shell.bat': Not used on non-Windows systems
[2.722s] INFO:colcon.colcon_core.shell:Creating environment hook '/home/whitepost/ros2_ws/install/whitepost_robot/share/whitepost_robot/hook/ament_prefix_path.ps1'
[2.730s] INFO:colcon.colcon_core.shell:Creating environment descriptor '/home/whitepost/ros2_ws/install/whitepost_robot/share/whitepost_robot/hook/ament_prefix_path.dsv'
[2.735s] INFO:colcon.colcon_core.shell:Creating environment hook '/home/whitepost/ros2_ws/install/whitepost_robot/share/whitepost_robot/hook/ament_prefix_path.sh'
[2.744s] INFO:colcon.colcon_core.shell:Skip shell extension 'powershell' for command environment: Not usable outside of PowerShell
[2.745s] DEBUG:colcon.colcon_core.shell:Skip shell extension 'dsv' for command environment
[4.601s] INFO:colcon.colcon_core.task.python.build:Building Python package in '/home/whitepost/ros2_ws/src/whitepost_robot'
[4.602s] INFO:colcon.colcon_core.shell:Skip shell extension 'powershell' for command environment: Not usable outside of PowerShell
[4.602s] DEBUG:colcon.colcon_core.shell:Skip shell extension 'dsv' for command environment
[6.306s] DEBUG:colcon.colcon_core.event_handler.log_command:Invoking command in '/home/whitepost/ros2_ws/src/whitepost_robot': PYTHONPATH=/home/whitepost/ros2_ws/build/whitepost_robot/prefix_override:/usr/lib/python3/dist-packages/colcon_core/task/python/colcon_distutils_commands:/home/whitepost/ros2_ws/install/whitepost_robot/lib/python3.10/site-packages:${PYTHONPATH} /usr/bin/python3 -W ignore:setup.py install is deprecated -W ignore:easy_install command is deprecated setup.py egg_info --egg-base ../../build/whitepost_robot build --build-base /home/whitepost/ros2_ws/build/whitepost_robot/build install --record /home/whitepost/ros2_ws/build/whitepost_robot/install.log --single-version-externally-managed install_data
[7.660s] DEBUG:colcon.colcon_core.event_handler.log_command:Invoked command in '/home/whitepost/ros2_ws/src/whitepost_robot' returned '0': PYTHONPATH=/home/whitepost/ros2_ws/build/whitepost_robot/prefix_override:/usr/lib/python3/dist-packages/colcon_core/task/python/colcon_distutils_commands:/home/whitepost/ros2_ws/install/whitepost_robot/lib/python3.10/site-packages:${PYTHONPATH} /usr/bin/python3 -W ignore:setup.py install is deprecated -W ignore:easy_install command is deprecated setup.py egg_info --egg-base ../../build/whitepost_robot build --build-base /home/whitepost/ros2_ws/build/whitepost_robot/build install --record /home/whitepost/ros2_ws/build/whitepost_robot/install.log --single-version-externally-managed install_data
[7.671s] Level 1:colcon.colcon_core.environment:checking '/home/whitepost/ros2_ws/install/whitepost_robot' for CMake module files
[7.674s] Level 1:colcon.colcon_core.environment:checking '/home/whitepost/ros2_ws/install/whitepost_robot' for CMake config files
[7.679s] Level 1:colcon.colcon_core.environment:checking '/home/whitepost/ros2_ws/install/whitepost_robot/lib'
[7.680s] Level 1:colcon.colcon_core.environment:checking '/home/whitepost/ros2_ws/install/whitepost_robot/bin'
[7.680s] Level 1:colcon.colcon_core.environment:checking '/home/whitepost/ros2_ws/install/whitepost_robot/lib/pkgconfig/whitepost_robot.pc'
[7.681s] Level 1:colcon.colcon_core.environment:checking '/home/whitepost/ros2_ws/install/whitepost_robot/lib/python3.10/site-packages'
[7.682s] Level 1:colcon.colcon_core.shell:create_environment_hook('whitepost_robot', 'pythonpath')
[7.683s] INFO:colcon.colcon_core.shell:Creating environment hook '/home/whitepost/ros2_ws/install/whitepost_robot/share/whitepost_robot/hook/pythonpath.ps1'
[7.685s] INFO:colcon.colcon_core.shell:Creating environment descriptor '/home/whitepost/ros2_ws/install/whitepost_robot/share/whitepost_robot/hook/pythonpath.dsv'
[7.687s] INFO:colcon.colcon_core.shell:Creating environment hook '/home/whitepost/ros2_ws/install/whitepost_robot/share/whitepost_robot/hook/pythonpath.sh'
[7.691s] Level 1:colcon.colcon_core.environment:checking '/home/whitepost/ros2_ws/install/whitepost_robot/bin'
[7.691s] Level 1:colcon.colcon_core.environment:create_environment_scripts_only(whitepost_robot)
[7.693s] INFO:colcon.colcon_core.shell:Creating package script '/home/whitepost/ros2_ws/install/whitepost_robot/share/whitepost_robot/package.ps1'
[7.697s] INFO:colcon.colcon_core.shell:Creating package descriptor '/home/whitepost/ros2_ws/install/whitepost_robot/share/whitepost_robot/package.dsv'
[7.700s] INFO:colcon.colcon_core.shell:Creating package script '/home/whitepost/ros2_ws/install/whitepost_robot/share/whitepost_robot/package.sh'
[7.704s] INFO:colcon.colcon_core.shell:Creating package script '/home/whitepost/ros2_ws/install/whitepost_robot/share/whitepost_robot/package.bash'
[7.708s] INFO:colcon.colcon_core.shell:Creating package script '/home/whitepost/ros2_ws/install/whitepost_robot/share/whitepost_robot/package.zsh'
[7.712s] Level 1:colcon.colcon_core.environment:create_file_with_runtime_dependencies(/home/whitepost/ros2_ws/install/whitepost_robot/share/colcon-core/packages/whitepost_robot)
[7.714s] DEBUG:colcon.colcon_parallel_executor.executor.parallel:closing loop
[7.715s] DEBUG:colcon.colcon_parallel_executor.executor.parallel:loop closed
[7.716s] DEBUG:colcon.colcon_parallel_executor.executor.parallel:run_until_complete finished with '0'
[7.716s] DEBUG:colcon.colcon_core.event_reactor:joining thread
[7.740s] INFO:colcon.colcon_core.plugin_system:Skipping extension 'colcon_notification.desktop_notification.notify_send': Could not find 'notify-send'
[7.741s] INFO:colcon.colcon_core.plugin_system:Skipping extension 'colcon_notification.desktop_notification.terminal_notifier': Not used on non-Darwin systems
[7.741s] INFO:colcon.colcon_core.plugin_system:Skipping extension 'colcon_notification.desktop_notification.win32': Not used on non-Windows systems
[7.741s] INFO:colcon.colcon_notification.desktop_notification:Sending desktop notification using 'notify2'
[7.744s] DEBUG:colcon.colcon_notification.desktop_notification.notify2:Failed to initialize notify2: org.freedesktop.DBus.Error.ServiceUnknown: The name org.freedesktop.Notifications was not provided by any .service files
[7.745s] DEBUG:colcon.colcon_core.event_reactor:joined thread
[7.746s] INFO:colcon.colcon_core.shell:Creating prefix script '/home/whitepost/ros2_ws/install/local_setup.ps1'
[7.751s] INFO:colcon.colcon_core.shell:Creating prefix util module '/home/whitepost/ros2_ws/install/_local_setup_util_ps1.py'
[7.758s] INFO:colcon.colcon_core.shell:Creating prefix chain script '/home/whitepost/ros2_ws/install/setup.ps1'
[7.764s] INFO:colcon.colcon_core.shell:Creating prefix script '/home/whitepost/ros2_ws/install/local_setup.sh'
[7.767s] INFO:colcon.colcon_core.shell:Creating prefix util module '/home/whitepost/ros2_ws/install/_local_setup_util_sh.py'
[7.770s] INFO:colcon.colcon_core.shell:Creating prefix chain script '/home/whitepost/ros2_ws/install/setup.sh'
[7.775s] INFO:colcon.colcon_core.shell:Creating prefix script '/home/whitepost/ros2_ws/install/local_setup.bash'
[7.778s] INFO:colcon.colcon_core.shell:Creating prefix chain script '/home/whitepost/ros2_ws/install/setup.bash'
[7.783s] INFO:colcon.colcon_core.shell:Creating prefix script '/home/whitepost/ros2_ws/install/local_setup.zsh'
[7.785s] INFO:colcon.colcon_core.shell:Creating prefix chain script '/home/whitepost/ros2_ws/install/setup.zsh'
