[3.720s] Invoking command in '/home/whitepost/ros2_ws/src/whitepost_robot': PYTHONPATH=/home/whitepost/ros2_ws/build/whitepost_robot/prefix_override:/usr/lib/python3/dist-packages/colcon_core/task/python/colcon_distutils_commands:/home/whitepost/ros2_ws/install/whitepost_robot/lib/python3.10/site-packages:${PYTHONPATH} /usr/bin/python3 -W ignore:setup.py install is deprecated -W ignore:easy_install command is deprecated setup.py egg_info --egg-base ../../build/whitepost_robot build --build-base /home/whitepost/ros2_ws/build/whitepost_robot/build install --record /home/whitepost/ros2_ws/build/whitepost_robot/install.log --single-version-externally-managed install_data
[4.839s] running egg_info
[4.842s] writing ../../build/whitepost_robot/whitepost_robot.egg-info/PKG-INFO
[4.843s] writing dependency_links to ../../build/whitepost_robot/whitepost_robot.egg-info/dependency_links.txt
[4.844s] writing entry points to ../../build/whitepost_robot/whitepost_robot.egg-info/entry_points.txt
[4.845s] writing requirements to ../../build/whitepost_robot/whitepost_robot.egg-info/requires.txt
[4.846s] writing top-level names to ../../build/whitepost_robot/whitepost_robot.egg-info/top_level.txt
[4.855s] reading manifest file '../../build/whitepost_robot/whitepost_robot.egg-info/SOURCES.txt'
[4.864s] writing manifest file '../../build/whitepost_robot/whitepost_robot.egg-info/SOURCES.txt'
[4.864s] running build
[4.865s] running build_py
[4.867s] copying whitepost_robot/esp32_sensor_nodeV2.py -> /home/whitepost/ros2_ws/build/whitepost_robot/build/lib/whitepost_robot
[4.868s] copying whitepost_robot/esp32_drive_nodeV2.py -> /home/whitepost/ros2_ws/build/whitepost_robot/build/lib/whitepost_robot
[4.870s] running install
[4.872s] running install_lib
[4.877s] copying /home/whitepost/ros2_ws/build/whitepost_robot/build/lib/whitepost_robot/esp32_sensor_nodeV2.py -> /home/whitepost/ros2_ws/install/whitepost_robot/lib/python3.10/site-packages/whitepost_robot
[4.878s] copying /home/whitepost/ros2_ws/build/whitepost_robot/build/lib/whitepost_robot/esp32_drive_nodeV2.py -> /home/whitepost/ros2_ws/install/whitepost_robot/lib/python3.10/site-packages/whitepost_robot
[4.882s] byte-compiling /home/whitepost/ros2_ws/install/whitepost_robot/lib/python3.10/site-packages/whitepost_robot/esp32_sensor_nodeV2.py to esp32_sensor_nodeV2.cpython-310.pyc
[4.886s] byte-compiling /home/whitepost/ros2_ws/install/whitepost_robot/lib/python3.10/site-packages/whitepost_robot/esp32_drive_nodeV2.py to esp32_drive_nodeV2.cpython-310.pyc
[4.890s] running install_data
[4.891s] running install_egg_info
[4.899s] removing '/home/whitepost/ros2_ws/install/whitepost_robot/lib/python3.10/site-packages/whitepost_robot-0.0.0-py3.10.egg-info' (and everything under it)
[4.901s] Copying ../../build/whitepost_robot/whitepost_robot.egg-info to /home/whitepost/ros2_ws/install/whitepost_robot/lib/python3.10/site-packages/whitepost_robot-0.0.0-py3.10.egg-info
[4.912s] running install_scripts
[5.000s] Installing esp32_drive_node script to /home/whitepost/ros2_ws/install/whitepost_robot/lib/whitepost_robot
[5.001s] Installing esp32_sensor_node script to /home/whitepost/ros2_ws/install/whitepost_robot/lib/whitepost_robot
[5.004s] writing list of installed files to '/home/whitepost/ros2_ws/build/whitepost_robot/install.log'
[5.125s] Invoked command in '/home/whitepost/ros2_ws/src/whitepost_robot' returned '0': PYTHONPATH=/home/whitepost/ros2_ws/build/whitepost_robot/prefix_override:/usr/lib/python3/dist-packages/colcon_core/task/python/colcon_distutils_commands:/home/whitepost/ros2_ws/install/whitepost_robot/lib/python3.10/site-packages:${PYTHONPATH} /usr/bin/python3 -W ignore:setup.py install is deprecated -W ignore:easy_install command is deprecated setup.py egg_info --egg-base ../../build/whitepost_robot build --build-base /home/whitepost/ros2_ws/build/whitepost_robot/build install --record /home/whitepost/ros2_ws/build/whitepost_robot/install.log --single-version-externally-managed install_data
