running egg_info
creating ../../build/whitepost_robot/whitepost_robot.egg-info
writing ../../build/whitepost_robot/whitepost_robot.egg-info/PKG-INFO
writing dependency_links to ../../build/whitepost_robot/whitepost_robot.egg-info/dependency_links.txt
writing entry points to ../../build/whitepost_robot/whitepost_robot.egg-info/entry_points.txt
writing requirements to ../../build/whitepost_robot/whitepost_robot.egg-info/requires.txt
writing top-level names to ../../build/whitepost_robot/whitepost_robot.egg-info/top_level.txt
writing manifest file '../../build/whitepost_robot/whitepost_robot.egg-info/SOURCES.txt'
reading manifest file '../../build/whitepost_robot/whitepost_robot.egg-info/SOURCES.txt'
writing manifest file '../../build/whitepost_robot/whitepost_robot.egg-info/SOURCES.txt'
running build
running build_py
creating /home/whitepost/ros2_ws/build/whitepost_robot/build
creating /home/whitepost/ros2_ws/build/whitepost_robot/build/lib
creating /home/whitepost/ros2_ws/build/whitepost_robot/build/lib/whitepost_robot
copying whitepost_robot/esp32_drive_node.py -> /home/whitepost/ros2_ws/build/whitepost_robot/build/lib/whitepost_robot
copying whitepost_robot/__init__.py -> /home/whitepost/ros2_ws/build/whitepost_robot/build/lib/whitepost_robot
copying whitepost_robot/esp32_sensor_node.py -> /home/whitepost/ros2_ws/build/whitepost_robot/build/lib/whitepost_robot
running install
running install_lib
creating /home/whitepost/ros2_ws/install/whitepost_robot/lib/python3.10/site-packages/whitepost_robot
copying /home/whitepost/ros2_ws/build/whitepost_robot/build/lib/whitepost_robot/esp32_drive_node.py -> /home/whitepost/ros2_ws/install/whitepost_robot/lib/python3.10/site-packages/whitepost_robot
copying /home/whitepost/ros2_ws/build/whitepost_robot/build/lib/whitepost_robot/__init__.py -> /home/whitepost/ros2_ws/install/whitepost_robot/lib/python3.10/site-packages/whitepost_robot
copying /home/whitepost/ros2_ws/build/whitepost_robot/build/lib/whitepost_robot/esp32_sensor_node.py -> /home/whitepost/ros2_ws/install/whitepost_robot/lib/python3.10/site-packages/whitepost_robot
byte-compiling /home/whitepost/ros2_ws/install/whitepost_robot/lib/python3.10/site-packages/whitepost_robot/esp32_drive_node.py to esp32_drive_node.cpython-310.pyc
byte-compiling /home/whitepost/ros2_ws/install/whitepost_robot/lib/python3.10/site-packages/whitepost_robot/__init__.py to __init__.cpython-310.pyc
byte-compiling /home/whitepost/ros2_ws/install/whitepost_robot/lib/python3.10/site-packages/whitepost_robot/esp32_sensor_node.py to esp32_sensor_node.cpython-310.pyc
running install_data
creating /home/whitepost/ros2_ws/install/whitepost_robot/share/ament_index
creating /home/whitepost/ros2_ws/install/whitepost_robot/share/ament_index/resource_index
creating /home/whitepost/ros2_ws/install/whitepost_robot/share/ament_index/resource_index/packages
copying resource/whitepost_robot -> /home/whitepost/ros2_ws/install/whitepost_robot/share/ament_index/resource_index/packages
copying package.xml -> /home/whitepost/ros2_ws/install/whitepost_robot/share/whitepost_robot
creating /home/whitepost/ros2_ws/install/whitepost_robot/share/whitepost_robot/launch
copying launch/whitepostlaunch.py -> /home/whitepost/ros2_ws/install/whitepost_robot/share/whitepost_robot/launch
running install_egg_info
Copying ../../build/whitepost_robot/whitepost_robot.egg-info to /home/whitepost/ros2_ws/install/whitepost_robot/lib/python3.10/site-packages/whitepost_robot-0.0.0-py3.10.egg-info
running install_scripts
Installing esp32_drive_node script to /home/whitepost/ros2_ws/install/whitepost_robot/lib/whitepost_robot
Installing esp32_sensor_node script to /home/whitepost/ros2_ws/install/whitepost_robot/lib/whitepost_robot
writing list of installed files to '/home/whitepost/ros2_ws/build/whitepost_robot/install.log'
