[3.467s] Invoking command in '/home/whitepost/ros2_ws/src/whitepost_robot': PYTHONPATH=/home/whitepost/ros2_ws/build/whitepost_robot/prefix_override:/usr/lib/python3/dist-packages/colcon_core/task/python/colcon_distutils_commands:/home/whitepost/ros2_ws/install/whitepost_robot/lib/python3.10/site-packages:${PYTHONPATH} /usr/bin/python3 -W ignore:setup.py install is deprecated -W ignore:easy_install command is deprecated setup.py egg_info --egg-base ../../build/whitepost_robot build --build-base /home/whitepost/ros2_ws/build/whitepost_robot/build install --record /home/whitepost/ros2_ws/build/whitepost_robot/install.log --single-version-externally-managed install_data
[4.557s] running egg_info
[4.560s] creating ../../build/whitepost_robot/whitepost_robot.egg-info
[4.560s] writing ../../build/whitepost_robot/whitepost_robot.egg-info/PKG-INFO
[4.562s] writing dependency_links to ../../build/whitepost_robot/whitepost_robot.egg-info/dependency_links.txt
[4.562s] writing entry points to ../../build/whitepost_robot/whitepost_robot.egg-info/entry_points.txt
[4.563s] writing requirements to ../../build/whitepost_robot/whitepost_robot.egg-info/requires.txt
[4.563s] writing top-level names to ../../build/whitepost_robot/whitepost_robot.egg-info/top_level.txt
[4.565s] writing manifest file '../../build/whitepost_robot/whitepost_robot.egg-info/SOURCES.txt'
[4.573s] reading manifest file '../../build/whitepost_robot/whitepost_robot.egg-info/SOURCES.txt'
[4.576s] writing manifest file '../../build/whitepost_robot/whitepost_robot.egg-info/SOURCES.txt'
[4.577s] running build
[4.577s] running build_py
[4.578s] creating /home/whitepost/ros2_ws/build/whitepost_robot/build
[4.579s] creating /home/whitepost/ros2_ws/build/whitepost_robot/build/lib
[4.579s] creating /home/whitepost/ros2_ws/build/whitepost_robot/build/lib/whitepost_robot
[4.580s] copying whitepost_robot/esp32_drive_node.py -> /home/whitepost/ros2_ws/build/whitepost_robot/build/lib/whitepost_robot
[4.581s] copying whitepost_robot/__init__.py -> /home/whitepost/ros2_ws/build/whitepost_robot/build/lib/whitepost_robot
[4.581s] copying whitepost_robot/esp32_sensor_node.py -> /home/whitepost/ros2_ws/build/whitepost_robot/build/lib/whitepost_robot
[4.582s] running install
[4.583s] running install_lib
[4.587s] creating /home/whitepost/ros2_ws/install/whitepost_robot/lib/python3.10/site-packages/whitepost_robot
[4.587s] copying /home/whitepost/ros2_ws/build/whitepost_robot/build/lib/whitepost_robot/esp32_drive_node.py -> /home/whitepost/ros2_ws/install/whitepost_robot/lib/python3.10/site-packages/whitepost_robot
[4.589s] copying /home/whitepost/ros2_ws/build/whitepost_robot/build/lib/whitepost_robot/__init__.py -> /home/whitepost/ros2_ws/install/whitepost_robot/lib/python3.10/site-packages/whitepost_robot
[4.590s] copying /home/whitepost/ros2_ws/build/whitepost_robot/build/lib/whitepost_robot/esp32_sensor_node.py -> /home/whitepost/ros2_ws/install/whitepost_robot/lib/python3.10/site-packages/whitepost_robot
[4.592s] byte-compiling /home/whitepost/ros2_ws/install/whitepost_robot/lib/python3.10/site-packages/whitepost_robot/esp32_drive_node.py to esp32_drive_node.cpython-310.pyc
[4.596s] byte-compiling /home/whitepost/ros2_ws/install/whitepost_robot/lib/python3.10/site-packages/whitepost_robot/__init__.py to __init__.cpython-310.pyc
[4.597s] byte-compiling /home/whitepost/ros2_ws/install/whitepost_robot/lib/python3.10/site-packages/whitepost_robot/esp32_sensor_node.py to esp32_sensor_node.cpython-310.pyc
[4.601s] running install_data
[4.601s] creating /home/whitepost/ros2_ws/install/whitepost_robot/share/ament_index
[4.602s] creating /home/whitepost/ros2_ws/install/whitepost_robot/share/ament_index/resource_index
[4.602s] creating /home/whitepost/ros2_ws/install/whitepost_robot/share/ament_index/resource_index/packages
[4.603s] copying resource/whitepost_robot -> /home/whitepost/ros2_ws/install/whitepost_robot/share/ament_index/resource_index/packages
[4.603s] copying package.xml -> /home/whitepost/ros2_ws/install/whitepost_robot/share/whitepost_robot
[4.604s] creating /home/whitepost/ros2_ws/install/whitepost_robot/share/whitepost_robot/launch
[4.605s] copying launch/whitepostlaunch.py -> /home/whitepost/ros2_ws/install/whitepost_robot/share/whitepost_robot/launch
[4.605s] running install_egg_info
[4.613s] Copying ../../build/whitepost_robot/whitepost_robot.egg-info to /home/whitepost/ros2_ws/install/whitepost_robot/lib/python3.10/site-packages/whitepost_robot-0.0.0-py3.10.egg-info
[4.620s] running install_scripts
[4.706s] Installing esp32_drive_node script to /home/whitepost/ros2_ws/install/whitepost_robot/lib/whitepost_robot
[4.707s] Installing esp32_sensor_node script to /home/whitepost/ros2_ws/install/whitepost_robot/lib/whitepost_robot
[4.709s] writing list of installed files to '/home/whitepost/ros2_ws/build/whitepost_robot/install.log'
[4.824s] Invoked command in '/home/whitepost/ros2_ws/src/whitepost_robot' returned '0': PYTHONPATH=/home/whitepost/ros2_ws/build/whitepost_robot/prefix_override:/usr/lib/python3/dist-packages/colcon_core/task/python/colcon_distutils_commands:/home/whitepost/ros2_ws/install/whitepost_robot/lib/python3.10/site-packages:${PYTHONPATH} /usr/bin/python3 -W ignore:setup.py install is deprecated -W ignore:easy_install command is deprecated setup.py egg_info --egg-base ../../build/whitepost_robot build --build-base /home/whitepost/ros2_ws/build/whitepost_robot/build install --record /home/whitepost/ros2_ws/build/whitepost_robot/install.log --single-version-externally-managed install_data
