[1.117s] DEBUG:colcon:Command line arguments: ['/usr/bin/colcon', 'build']
[1.118s] DEBUG:colcon:Parsed command line arguments: Namespace(log_base=None, log_level=None, verb_name='build', build_base='build', install_base='install', merge_install=False, symlink_install=False, test_result_base=None, continue_on_error=False, executor='parallel', parallel_workers=4, event_handlers=None, ignore_user_meta=False, metas=['./colcon.meta'], base_paths=['.'], packages_ignore=None, packages_ignore_regex=None, paths=None, packages_up_to=None, packages_up_to_regex=None, packages_above=None, packages_above_and_dependencies=None, packages_above_depth=None, packages_select_by_dep=None, packages_skip_by_dep=None, packages_skip_up_to=None, packages_select_build_failed=False, packages_skip_build_finished=False, packages_select_test_failures=False, packages_skip_test_passed=False, packages_select=None, packages_skip=None, packages_select_regex=None, packages_skip_regex=None, packages_start=None, packages_end=None, allow_overriding=[], cmake_args=None, cmake_target=None, cmake_target_skip_unavailable=False, cmake_clean_cache=False, cmake_clean_first=False, cmake_force_configure=False, ament_cmake_args=None, catkin_cmake_args=None, catkin_skip_building_tests=False, verb_parser=<colcon_defaults.argument_parser.defaults.DefaultArgumentsDecorator object at 0xffff9314e560>, verb_extension=<colcon_core.verb.build.BuildVerb object at 0xffff93257a30>, main=<bound method BuildVerb.main of <colcon_core.verb.build.BuildVerb object at 0xffff93257a30>>)
[2.810s] Level 1:colcon.colcon_core.package_discovery:discover_packages(colcon_meta) check parameters
[2.811s] Level 1:colcon.colcon_core.package_discovery:discover_packages(recursive) check parameters
[2.811s] Level 1:colcon.colcon_core.package_discovery:discover_packages(ignore) check parameters
[2.811s] Level 1:colcon.colcon_core.package_discovery:discover_packages(path) check parameters
[2.812s] Level 1:colcon.colcon_core.package_discovery:discover_packages(colcon_meta) discover
[2.812s] Level 1:colcon.colcon_core.package_discovery:discover_packages(recursive) discover
[2.813s] INFO:colcon.colcon_core.package_discovery:Crawling recursively for packages in '/home/whitepost/ros2_ws'
[2.814s] Level 1:colcon.colcon_core.package_identification:_identify(.) by extensions ['ignore', 'ignore_ament_install']
[2.815s] Level 1:colcon.colcon_core.package_identification:_identify(.) by extension 'ignore'
[2.815s] Level 1:colcon.colcon_core.package_identification:_identify(.) by extension 'ignore_ament_install'
[2.816s] Level 1:colcon.colcon_core.package_identification:_identify(.) by extensions ['colcon_pkg']
[2.816s] Level 1:colcon.colcon_core.package_identification:_identify(.) by extension 'colcon_pkg'
[2.817s] Level 1:colcon.colcon_core.package_identification:_identify(.) by extensions ['colcon_meta']
[2.817s] Level 1:colcon.colcon_core.package_identification:_identify(.) by extension 'colcon_meta'
[2.818s] Level 1:colcon.colcon_core.package_identification:_identify(.) by extensions ['ros']
[2.818s] Level 1:colcon.colcon_core.package_identification:_identify(.) by extension 'ros'
[2.944s] Level 1:colcon.colcon_core.package_identification:_identify(.) by extensions ['cmake', 'python']
[2.945s] Level 1:colcon.colcon_core.package_identification:_identify(.) by extension 'cmake'
[2.946s] Level 1:colcon.colcon_core.package_identification:_identify(.) by extension 'python'
[2.946s] Level 1:colcon.colcon_core.package_identification:_identify(.) by extensions ['python_setup_py']
[2.946s] Level 1:colcon.colcon_core.package_identification:_identify(.) by extension 'python_setup_py'
[2.948s] Level 1:colcon.colcon_core.package_identification:_identify(build) by extensions ['ignore', 'ignore_ament_install']
[2.949s] Level 1:colcon.colcon_core.package_identification:_identify(build) by extension 'ignore'
[2.949s] Level 1:colcon.colcon_core.package_identification:_identify(build) ignored
[2.951s] Level 1:colcon.colcon_core.package_identification:_identify(install) by extensions ['ignore', 'ignore_ament_install']
[2.952s] Level 1:colcon.colcon_core.package_identification:_identify(install) by extension 'ignore'
[2.952s] Level 1:colcon.colcon_core.package_identification:_identify(install) ignored
[2.955s] Level 1:colcon.colcon_core.package_identification:_identify(log) by extensions ['ignore', 'ignore_ament_install']
[2.956s] Level 1:colcon.colcon_core.package_identification:_identify(log) by extension 'ignore'
[2.957s] Level 1:colcon.colcon_core.package_identification:_identify(log) ignored
[2.958s] Level 1:colcon.colcon_core.package_identification:_identify(src) by extensions ['ignore', 'ignore_ament_install']
[2.959s] Level 1:colcon.colcon_core.package_identification:_identify(src) by extension 'ignore'
[2.959s] Level 1:colcon.colcon_core.package_identification:_identify(src) by extension 'ignore_ament_install'
[2.960s] Level 1:colcon.colcon_core.package_identification:_identify(src) by extensions ['colcon_pkg']
[2.960s] Level 1:colcon.colcon_core.package_identification:_identify(src) by extension 'colcon_pkg'
[2.961s] Level 1:colcon.colcon_core.package_identification:_identify(src) by extensions ['colcon_meta']
[2.961s] Level 1:colcon.colcon_core.package_identification:_identify(src) by extension 'colcon_meta'
[2.962s] Level 1:colcon.colcon_core.package_identification:_identify(src) by extensions ['ros']
[2.962s] Level 1:colcon.colcon_core.package_identification:_identify(src) by extension 'ros'
[2.963s] Level 1:colcon.colcon_core.package_identification:_identify(src) by extensions ['cmake', 'python']
[2.963s] Level 1:colcon.colcon_core.package_identification:_identify(src) by extension 'cmake'
[2.964s] Level 1:colcon.colcon_core.package_identification:_identify(src) by extension 'python'
[2.964s] Level 1:colcon.colcon_core.package_identification:_identify(src) by extensions ['python_setup_py']
[2.965s] Level 1:colcon.colcon_core.package_identification:_identify(src) by extension 'python_setup_py'
[2.966s] Level 1:colcon.colcon_core.package_identification:_identify(src/whitepost_robot) by extensions ['ignore', 'ignore_ament_install']
[2.967s] Level 1:colcon.colcon_core.package_identification:_identify(src/whitepost_robot) by extension 'ignore'
[2.968s] Level 1:colcon.colcon_core.package_identification:_identify(src/whitepost_robot) by extension 'ignore_ament_install'
[2.968s] Level 1:colcon.colcon_core.package_identification:_identify(src/whitepost_robot) by extensions ['colcon_pkg']
[2.969s] Level 1:colcon.colcon_core.package_identification:_identify(src/whitepost_robot) by extension 'colcon_pkg'
[2.969s] Level 1:colcon.colcon_core.package_identification:_identify(src/whitepost_robot) by extensions ['colcon_meta']
[2.970s] Level 1:colcon.colcon_core.package_identification:_identify(src/whitepost_robot) by extension 'colcon_meta'
[2.970s] Level 1:colcon.colcon_core.package_identification:_identify(src/whitepost_robot) by extensions ['ros']
[2.970s] Level 1:colcon.colcon_core.package_identification:_identify(src/whitepost_robot) by extension 'ros'
[2.991s] DEBUG:colcon.colcon_core.package_identification:Package 'src/whitepost_robot' with type 'ros.ament_python' and name 'whitepost_robot'
[2.993s] Level 1:colcon.colcon_core.package_identification:_identify(test) by extensions ['ignore', 'ignore_ament_install']
[2.994s] Level 1:colcon.colcon_core.package_identification:_identify(test) by extension 'ignore'
[2.994s] Level 1:colcon.colcon_core.package_identification:_identify(test) by extension 'ignore_ament_install'
[2.995s] Level 1:colcon.colcon_core.package_identification:_identify(test) by extensions ['colcon_pkg']
[2.995s] Level 1:colcon.colcon_core.package_identification:_identify(test) by extension 'colcon_pkg'
[2.996s] Level 1:colcon.colcon_core.package_identification:_identify(test) by extensions ['colcon_meta']
[2.996s] Level 1:colcon.colcon_core.package_identification:_identify(test) by extension 'colcon_meta'
[2.997s] Level 1:colcon.colcon_core.package_identification:_identify(test) by extensions ['ros']
[2.997s] Level 1:colcon.colcon_core.package_identification:_identify(test) by extension 'ros'
[2.998s] Level 1:colcon.colcon_core.package_identification:_identify(test) by extensions ['cmake', 'python']
[2.998s] Level 1:colcon.colcon_core.package_identification:_identify(test) by extension 'cmake'
[2.999s] Level 1:colcon.colcon_core.package_identification:_identify(test) by extension 'python'
[2.999s] Level 1:colcon.colcon_core.package_identification:_identify(test) by extensions ['python_setup_py']
[3.000s] Level 1:colcon.colcon_core.package_identification:_identify(test) by extension 'python_setup_py'
[3.000s] Level 1:colcon.colcon_core.package_discovery:discover_packages(recursive) using defaults
[3.001s] Level 1:colcon.colcon_core.package_discovery:discover_packages(ignore) discover
[3.001s] Level 1:colcon.colcon_core.package_discovery:discover_packages(ignore) using defaults
[3.001s] Level 1:colcon.colcon_core.package_discovery:discover_packages(path) discover
[3.002s] Level 1:colcon.colcon_core.package_discovery:discover_packages(path) using defaults
[3.196s] Level 1:colcon.colcon_core.package_discovery:discover_packages(prefix_path) check parameters
[3.197s] Level 1:colcon.colcon_core.package_discovery:discover_packages(prefix_path) discover
[3.230s] DEBUG:colcon.colcon_installed_package_information.package_discovery:Found 187 installed packages in /opt/ros/humble
[3.243s] Level 1:colcon.colcon_core.package_discovery:discover_packages(prefix_path) using defaults
[3.632s] Level 5:colcon.colcon_core.verb:set package 'whitepost_robot' build argument 'cmake_args' from command line to 'None'
[3.633s] Level 5:colcon.colcon_core.verb:set package 'whitepost_robot' build argument 'cmake_target' from command line to 'None'
[3.633s] Level 5:colcon.colcon_core.verb:set package 'whitepost_robot' build argument 'cmake_target_skip_unavailable' from command line to 'False'
[3.634s] Level 5:colcon.colcon_core.verb:set package 'whitepost_robot' build argument 'cmake_clean_cache' from command line to 'False'
[3.634s] Level 5:colcon.colcon_core.verb:set package 'whitepost_robot' build argument 'cmake_clean_first' from command line to 'False'
[3.634s] Level 5:colcon.colcon_core.verb:set package 'whitepost_robot' build argument 'cmake_force_configure' from command line to 'False'
[3.634s] Level 5:colcon.colcon_core.verb:set package 'whitepost_robot' build argument 'ament_cmake_args' from command line to 'None'
[3.635s] Level 5:colcon.colcon_core.verb:set package 'whitepost_robot' build argument 'catkin_cmake_args' from command line to 'None'
[3.635s] Level 5:colcon.colcon_core.verb:set package 'whitepost_robot' build argument 'catkin_skip_building_tests' from command line to 'False'
[3.636s] DEBUG:colcon.colcon_core.verb:Building package 'whitepost_robot' with the following arguments: {'ament_cmake_args': None, 'build_base': '/home/whitepost/ros2_ws/build/whitepost_robot', 'catkin_cmake_args': None, 'catkin_skip_building_tests': False, 'cmake_args': None, 'cmake_clean_cache': False, 'cmake_clean_first': False, 'cmake_force_configure': False, 'cmake_target': None, 'cmake_target_skip_unavailable': False, 'install_base': '/home/whitepost/ros2_ws/install/whitepost_robot', 'merge_install': False, 'path': '/home/whitepost/ros2_ws/src/whitepost_robot', 'symlink_install': False, 'test_result_base': None}
[3.637s] INFO:colcon.colcon_core.executor:Executing jobs using 'parallel' executor
[3.645s] DEBUG:colcon.colcon_parallel_executor.executor.parallel:run_until_complete
[3.647s] INFO:colcon.colcon_ros.task.ament_python.build:Building ROS package in '/home/whitepost/ros2_ws/src/whitepost_robot' with build type 'ament_python'
[3.648s] Level 1:colcon.colcon_core.shell:create_environment_hook('whitepost_robot', 'ament_prefix_path')
[3.669s] INFO:colcon.colcon_core.plugin_system:Skipping extension 'colcon_core.shell.bat': Not used on non-Windows systems
[3.672s] INFO:colcon.colcon_core.shell:Creating environment hook '/home/whitepost/ros2_ws/install/whitepost_robot/share/whitepost_robot/hook/ament_prefix_path.ps1'
[3.679s] INFO:colcon.colcon_core.shell:Creating environment descriptor '/home/whitepost/ros2_ws/install/whitepost_robot/share/whitepost_robot/hook/ament_prefix_path.dsv'
[3.684s] INFO:colcon.colcon_core.shell:Creating environment hook '/home/whitepost/ros2_ws/install/whitepost_robot/share/whitepost_robot/hook/ament_prefix_path.sh'
[3.693s] INFO:colcon.colcon_core.shell:Skip shell extension 'powershell' for command environment: Not usable outside of PowerShell
[3.694s] DEBUG:colcon.colcon_core.shell:Skip shell extension 'dsv' for command environment
[6.275s] INFO:colcon.colcon_core.task.python.build:Building Python package in '/home/whitepost/ros2_ws/src/whitepost_robot'
[6.278s] INFO:colcon.colcon_core.shell:Skip shell extension 'powershell' for command environment: Not usable outside of PowerShell
[6.279s] DEBUG:colcon.colcon_core.shell:Skip shell extension 'dsv' for command environment
[9.720s] DEBUG:colcon.colcon_core.event_handler.log_command:Invoking command in '/home/whitepost/ros2_ws/src/whitepost_robot': PYTHONPATH=/home/whitepost/ros2_ws/build/whitepost_robot/prefix_override:/usr/lib/python3/dist-packages/colcon_core/task/python/colcon_distutils_commands:/home/whitepost/ros2_ws/install/whitepost_robot/lib/python3.10/site-packages:${PYTHONPATH} /usr/bin/python3 -W ignore:setup.py install is deprecated -W ignore:easy_install command is deprecated setup.py egg_info --egg-base ../../build/whitepost_robot build --build-base /home/whitepost/ros2_ws/build/whitepost_robot/build install --record /home/whitepost/ros2_ws/build/whitepost_robot/install.log --single-version-externally-managed install_data
[12.802s] DEBUG:colcon.colcon_core.event_handler.log_command:Invoked command in '/home/whitepost/ros2_ws/src/whitepost_robot' returned '0': PYTHONPATH=/home/whitepost/ros2_ws/build/whitepost_robot/prefix_override:/usr/lib/python3/dist-packages/colcon_core/task/python/colcon_distutils_commands:/home/whitepost/ros2_ws/install/whitepost_robot/lib/python3.10/site-packages:${PYTHONPATH} /usr/bin/python3 -W ignore:setup.py install is deprecated -W ignore:easy_install command is deprecated setup.py egg_info --egg-base ../../build/whitepost_robot build --build-base /home/whitepost/ros2_ws/build/whitepost_robot/build install --record /home/whitepost/ros2_ws/build/whitepost_robot/install.log --single-version-externally-managed install_data
[12.822s] Level 1:colcon.colcon_core.environment:checking '/home/whitepost/ros2_ws/install/whitepost_robot' for CMake module files
[12.829s] Level 1:colcon.colcon_core.environment:checking '/home/whitepost/ros2_ws/install/whitepost_robot' for CMake config files
[12.841s] Level 1:colcon.colcon_core.environment:checking '/home/whitepost/ros2_ws/install/whitepost_robot/lib'
[12.843s] Level 1:colcon.colcon_core.environment:checking '/home/whitepost/ros2_ws/install/whitepost_robot/bin'
[12.844s] Level 1:colcon.colcon_core.environment:checking '/home/whitepost/ros2_ws/install/whitepost_robot/lib/pkgconfig/whitepost_robot.pc'
[12.847s] Level 1:colcon.colcon_core.environment:checking '/home/whitepost/ros2_ws/install/whitepost_robot/lib/python3.10/site-packages'
[12.848s] Level 1:colcon.colcon_core.shell:create_environment_hook('whitepost_robot', 'pythonpath')
[12.850s] INFO:colcon.colcon_core.shell:Creating environment hook '/home/whitepost/ros2_ws/install/whitepost_robot/share/whitepost_robot/hook/pythonpath.ps1'
[12.855s] INFO:colcon.colcon_core.shell:Creating environment descriptor '/home/whitepost/ros2_ws/install/whitepost_robot/share/whitepost_robot/hook/pythonpath.dsv'
[12.860s] INFO:colcon.colcon_core.shell:Creating environment hook '/home/whitepost/ros2_ws/install/whitepost_robot/share/whitepost_robot/hook/pythonpath.sh'
[12.869s] Level 1:colcon.colcon_core.environment:checking '/home/whitepost/ros2_ws/install/whitepost_robot/bin'
[12.870s] Level 1:colcon.colcon_core.environment:create_environment_scripts_only(whitepost_robot)
[12.873s] INFO:colcon.colcon_core.shell:Creating package script '/home/whitepost/ros2_ws/install/whitepost_robot/share/whitepost_robot/package.ps1'
[12.884s] INFO:colcon.colcon_core.shell:Creating package descriptor '/home/whitepost/ros2_ws/install/whitepost_robot/share/whitepost_robot/package.dsv'
[12.891s] INFO:colcon.colcon_core.shell:Creating package script '/home/whitepost/ros2_ws/install/whitepost_robot/share/whitepost_robot/package.sh'
[12.900s] INFO:colcon.colcon_core.shell:Creating package script '/home/whitepost/ros2_ws/install/whitepost_robot/share/whitepost_robot/package.bash'
[12.909s] INFO:colcon.colcon_core.shell:Creating package script '/home/whitepost/ros2_ws/install/whitepost_robot/share/whitepost_robot/package.zsh'
[12.919s] Level 1:colcon.colcon_core.environment:create_file_with_runtime_dependencies(/home/whitepost/ros2_ws/install/whitepost_robot/share/colcon-core/packages/whitepost_robot)
[12.921s] DEBUG:colcon.colcon_parallel_executor.executor.parallel:closing loop
[12.925s] DEBUG:colcon.colcon_parallel_executor.executor.parallel:loop closed
[12.926s] DEBUG:colcon.colcon_parallel_executor.executor.parallel:run_until_complete finished with '0'
[12.927s] DEBUG:colcon.colcon_core.event_reactor:joining thread
[12.981s] INFO:colcon.colcon_core.plugin_system:Skipping extension 'colcon_notification.desktop_notification.notify_send': Could not find 'notify-send'
[12.982s] INFO:colcon.colcon_core.plugin_system:Skipping extension 'colcon_notification.desktop_notification.terminal_notifier': Not used on non-Darwin systems
[12.983s] INFO:colcon.colcon_core.plugin_system:Skipping extension 'colcon_notification.desktop_notification.win32': Not used on non-Windows systems
[12.984s] INFO:colcon.colcon_notification.desktop_notification:Sending desktop notification using 'notify2'
[12.992s] DEBUG:colcon.colcon_notification.desktop_notification.notify2:Failed to initialize notify2: org.freedesktop.DBus.Error.ServiceUnknown: The name org.freedesktop.Notifications was not provided by any .service files
[12.993s] DEBUG:colcon.colcon_core.event_reactor:joined thread
[12.996s] INFO:colcon.colcon_core.shell:Creating prefix script '/home/whitepost/ros2_ws/install/local_setup.ps1'
[13.006s] INFO:colcon.colcon_core.shell:Creating prefix util module '/home/whitepost/ros2_ws/install/_local_setup_util_ps1.py'
[13.025s] INFO:colcon.colcon_core.shell:Creating prefix chain script '/home/whitepost/ros2_ws/install/setup.ps1'
[13.036s] INFO:colcon.colcon_core.shell:Creating prefix script '/home/whitepost/ros2_ws/install/local_setup.sh'
[13.043s] INFO:colcon.colcon_core.shell:Creating prefix util module '/home/whitepost/ros2_ws/install/_local_setup_util_sh.py'
[13.050s] INFO:colcon.colcon_core.shell:Creating prefix chain script '/home/whitepost/ros2_ws/install/setup.sh'
[13.061s] INFO:colcon.colcon_core.shell:Creating prefix script '/home/whitepost/ros2_ws/install/local_setup.bash'
[13.068s] INFO:colcon.colcon_core.shell:Creating prefix chain script '/home/whitepost/ros2_ws/install/setup.bash'
[13.078s] INFO:colcon.colcon_core.shell:Creating prefix script '/home/whitepost/ros2_ws/install/local_setup.zsh'
[13.085s] INFO:colcon.colcon_core.shell:Creating prefix chain script '/home/whitepost/ros2_ws/install/setup.zsh'
