running egg_info
writing ../../build/whitepost_robot/whitepost_robot.egg-info/PKG-INFO
writing dependency_links to ../../build/whitepost_robot/whitepost_robot.egg-info/dependency_links.txt
writing entry points to ../../build/whitepost_robot/whitepost_robot.egg-info/entry_points.txt
writing requirements to ../../build/whitepost_robot/whitepost_robot.egg-info/requires.txt
writing top-level names to ../../build/whitepost_robot/whitepost_robot.egg-info/top_level.txt
reading manifest file '../../build/whitepost_robot/whitepost_robot.egg-info/SOURCES.txt'
writing manifest file '../../build/whitepost_robot/whitepost_robot.egg-info/SOURCES.txt'
running build
running build_py
running install
running install_lib
byte-compiling /home/whitepost/ros2_ws/install/whitepost_robot/lib/python3.10/site-packages/whitepost_robot/esp32_drive_node.py to esp32_drive_node.cpython-310.pyc
running install_data
running install_egg_info
removing '/home/whitepost/ros2_ws/install/whitepost_robot/lib/python3.10/site-packages/whitepost_robot-0.0.0-py3.10.egg-info' (and everything under it)
Copying ../../build/whitepost_robot/whitepost_robot.egg-info to /home/whitepost/ros2_ws/install/whitepost_robot/lib/python3.10/site-packages/whitepost_robot-0.0.0-py3.10.egg-info
running install_scripts
Installing esp32_drive_node script to /home/whitepost/ros2_ws/install/whitepost_robot/lib/whitepost_robot
Installing esp32_sensor_node script to /home/whitepost/ros2_ws/install/whitepost_robot/lib/whitepost_robot
writing list of installed files to '/home/whitepost/ros2_ws/build/whitepost_robot/install.log'
