[3.605s] Invoking command in '/home/whitepost/ros2_ws/src/whitepost_robot': PYTHONPATH=/home/whitepost/ros2_ws/build/whitepost_robot/prefix_override:/usr/lib/python3/dist-packages/colcon_core/task/python/colcon_distutils_commands:/home/whitepost/ros2_ws/install/whitepost_robot/lib/python3.10/site-packages:${PYTHONPATH} /usr/bin/python3 -W ignore:setup.py install is deprecated -W ignore:easy_install command is deprecated setup.py egg_info --egg-base ../../build/whitepost_robot build --build-base /home/whitepost/ros2_ws/build/whitepost_robot/build install --record /home/whitepost/ros2_ws/build/whitepost_robot/install.log --single-version-externally-managed install_data
[4.704s] running egg_info
[4.706s] writing ../../build/whitepost_robot/whitepost_robot.egg-info/PKG-INFO
[4.707s] writing dependency_links to ../../build/whitepost_robot/whitepost_robot.egg-info/dependency_links.txt
[4.708s] writing entry points to ../../build/whitepost_robot/whitepost_robot.egg-info/entry_points.txt
[4.709s] writing requirements to ../../build/whitepost_robot/whitepost_robot.egg-info/requires.txt
[4.710s] writing top-level names to ../../build/whitepost_robot/whitepost_robot.egg-info/top_level.txt
[4.719s] reading manifest file '../../build/whitepost_robot/whitepost_robot.egg-info/SOURCES.txt'
[4.724s] writing manifest file '../../build/whitepost_robot/whitepost_robot.egg-info/SOURCES.txt'
[4.724s] running build
[4.725s] running build_py
[4.727s] running install
[4.728s] running install_lib
[4.734s] byte-compiling /home/whitepost/ros2_ws/install/whitepost_robot/lib/python3.10/site-packages/whitepost_robot/esp32_drive_node.py to esp32_drive_node.cpython-310.pyc
[4.737s] Sorry: IndentationError: expected an indented block after function definition on line 51 (esp32_drive_node.py, line 53)
[4.737s] running install_data
[4.738s] running install_egg_info
[4.747s] removing '/home/whitepost/ros2_ws/install/whitepost_robot/lib/python3.10/site-packages/whitepost_robot-0.0.0-py3.10.egg-info' (and everything under it)
[4.749s] Copying ../../build/whitepost_robot/whitepost_robot.egg-info to /home/whitepost/ros2_ws/install/whitepost_robot/lib/python3.10/site-packages/whitepost_robot-0.0.0-py3.10.egg-info
[4.755s] running install_scripts
[4.843s] Installing esp32_drive_node script to /home/whitepost/ros2_ws/install/whitepost_robot/lib/whitepost_robot
[4.844s] Installing esp32_sensor_node script to /home/whitepost/ros2_ws/install/whitepost_robot/lib/whitepost_robot
[4.846s] writing list of installed files to '/home/whitepost/ros2_ws/build/whitepost_robot/install.log'
[4.959s] Invoked command in '/home/whitepost/ros2_ws/src/whitepost_robot' returned '0': PYTHONPATH=/home/whitepost/ros2_ws/build/whitepost_robot/prefix_override:/usr/lib/python3/dist-packages/colcon_core/task/python/colcon_distutils_commands:/home/whitepost/ros2_ws/install/whitepost_robot/lib/python3.10/site-packages:${PYTHONPATH} /usr/bin/python3 -W ignore:setup.py install is deprecated -W ignore:easy_install command is deprecated setup.py egg_info --egg-base ../../build/whitepost_robot build --build-base /home/whitepost/ros2_ws/build/whitepost_robot/build install --record /home/whitepost/ros2_ws/build/whitepost_robot/install.log --single-version-externally-managed install_data
