[4.929s] Invoking command in '/home/whitepost/ros2_ws/src/whitepost_robot': PYTHONPATH=/home/whitepost/ros2_ws/build/whitepost_robot/prefix_override:/usr/lib/python3/dist-packages/colcon_core/task/python/colcon_distutils_commands:/home/whitepost/ros2_ws/install/whitepost_robot/lib/python3.10/site-packages:${PYTHONPATH} /usr/bin/python3 -W ignore:setup.py install is deprecated -W ignore:easy_install command is deprecated setup.py egg_info --egg-base ../../build/whitepost_robot build --build-base /home/whitepost/ros2_ws/build/whitepost_robot/build install --record /home/whitepost/ros2_ws/build/whitepost_robot/install.log --single-version-externally-managed install_data
[6.030s] running egg_info
[6.033s] writing ../../build/whitepost_robot/whitepost_robot.egg-info/PKG-INFO
[6.035s] writing dependency_links to ../../build/whitepost_robot/whitepost_robot.egg-info/dependency_links.txt
[6.036s] writing entry points to ../../build/whitepost_robot/whitepost_robot.egg-info/entry_points.txt
[6.036s] writing requirements to ../../build/whitepost_robot/whitepost_robot.egg-info/requires.txt
[6.037s] writing top-level names to ../../build/whitepost_robot/whitepost_robot.egg-info/top_level.txt
[6.046s] reading manifest file '../../build/whitepost_robot/whitepost_robot.egg-info/SOURCES.txt'
[6.051s] writing manifest file '../../build/whitepost_robot/whitepost_robot.egg-info/SOURCES.txt'
[6.052s] running build
[6.052s] running build_py
[6.053s] copying whitepost_robot/esp32_drive_node.py -> /home/whitepost/ros2_ws/build/whitepost_robot/build/lib/whitepost_robot
[6.055s] running install
[6.057s] running install_lib
[6.060s] copying /home/whitepost/ros2_ws/build/whitepost_robot/build/lib/whitepost_robot/esp32_drive_node.py -> /home/whitepost/ros2_ws/install/whitepost_robot/lib/python3.10/site-packages/whitepost_robot
[6.064s] byte-compiling /home/whitepost/ros2_ws/install/whitepost_robot/lib/python3.10/site-packages/whitepost_robot/esp32_drive_node.py to esp32_drive_node.cpython-310.pyc
[6.068s] running install_data
[6.070s] running install_egg_info
[6.078s] removing '/home/whitepost/ros2_ws/install/whitepost_robot/lib/python3.10/site-packages/whitepost_robot-0.0.0-py3.10.egg-info' (and everything under it)
[6.080s] Copying ../../build/whitepost_robot/whitepost_robot.egg-info to /home/whitepost/ros2_ws/install/whitepost_robot/lib/python3.10/site-packages/whitepost_robot-0.0.0-py3.10.egg-info
[6.086s] running install_scripts
[6.174s] Installing esp32_drive_node script to /home/whitepost/ros2_ws/install/whitepost_robot/lib/whitepost_robot
[6.175s] Installing esp32_sensor_node script to /home/whitepost/ros2_ws/install/whitepost_robot/lib/whitepost_robot
[6.177s] writing list of installed files to '/home/whitepost/ros2_ws/build/whitepost_robot/install.log'
[6.290s] Invoked command in '/home/whitepost/ros2_ws/src/whitepost_robot' returned '0': PYTHONPATH=/home/whitepost/ros2_ws/build/whitepost_robot/prefix_override:/usr/lib/python3/dist-packages/colcon_core/task/python/colcon_distutils_commands:/home/whitepost/ros2_ws/install/whitepost_robot/lib/python3.10/site-packages:${PYTHONPATH} /usr/bin/python3 -W ignore:setup.py install is deprecated -W ignore:easy_install command is deprecated setup.py egg_info --egg-base ../../build/whitepost_robot build --build-base /home/whitepost/ros2_ws/build/whitepost_robot/build install --record /home/whitepost/ros2_ws/build/whitepost_robot/install.log --single-version-externally-managed install_data
