[3.316s] Invoking command in '/home/whitepost/ros2_ws/src/whitepost_robot': PYTHONPATH=/home/whitepost/ros2_ws/build/whitepost_robot/prefix_override:/usr/lib/python3/dist-packages/colcon_core/task/python/colcon_distutils_commands:/home/whitepost/ros2_ws/install/whitepost_robot/lib/python3.10/site-packages:${PYTHONPATH} /usr/bin/python3 -W ignore:setup.py install is deprecated -W ignore:easy_install command is deprecated setup.py egg_info --egg-base ../../build/whitepost_robot build --build-base /home/whitepost/ros2_ws/build/whitepost_robot/build install --record /home/whitepost/ros2_ws/build/whitepost_robot/install.log --single-version-externally-managed install_data
[5.669s] running egg_info
[5.672s] writing ../../build/whitepost_robot/whitepost_robot.egg-info/PKG-INFO
[5.674s] writing dependency_links to ../../build/whitepost_robot/whitepost_robot.egg-info/dependency_links.txt
[5.675s] writing entry points to ../../build/whitepost_robot/whitepost_robot.egg-info/entry_points.txt
[5.676s] writing requirements to ../../build/whitepost_robot/whitepost_robot.egg-info/requires.txt
[5.677s] writing top-level names to ../../build/whitepost_robot/whitepost_robot.egg-info/top_level.txt
[5.686s] reading manifest file '../../build/whitepost_robot/whitepost_robot.egg-info/SOURCES.txt'
[5.691s] writing manifest file '../../build/whitepost_robot/whitepost_robot.egg-info/SOURCES.txt'
[5.692s] running build
[5.692s] running build_py
[5.695s] running install
[5.696s] running install_lib
[5.704s] running install_data
[5.705s] running install_egg_info
[5.713s] removing '/home/whitepost/ros2_ws/install/whitepost_robot/lib/python3.10/site-packages/whitepost_robot-0.0.0-py3.10.egg-info' (and everything under it)
[5.715s] Copying ../../build/whitepost_robot/whitepost_robot.egg-info to /home/whitepost/ros2_ws/install/whitepost_robot/lib/python3.10/site-packages/whitepost_robot-0.0.0-py3.10.egg-info
[5.721s] running install_scripts
[5.809s] Installing esp32_drive_node script to /home/whitepost/ros2_ws/install/whitepost_robot/lib/whitepost_robot
[5.810s] Installing esp32_sensor_node script to /home/whitepost/ros2_ws/install/whitepost_robot/lib/whitepost_robot
[5.812s] writing list of installed files to '/home/whitepost/ros2_ws/build/whitepost_robot/install.log'
[5.929s] Invoked command in '/home/whitepost/ros2_ws/src/whitepost_robot' returned '0': PYTHONPATH=/home/whitepost/ros2_ws/build/whitepost_robot/prefix_override:/usr/lib/python3/dist-packages/colcon_core/task/python/colcon_distutils_commands:/home/whitepost/ros2_ws/install/whitepost_robot/lib/python3.10/site-packages:${PYTHONPATH} /usr/bin/python3 -W ignore:setup.py install is deprecated -W ignore:easy_install command is deprecated setup.py egg_info --egg-base ../../build/whitepost_robot build --build-base /home/whitepost/ros2_ws/build/whitepost_robot/build install --record /home/whitepost/ros2_ws/build/whitepost_robot/install.log --single-version-externally-managed install_data
